=== 02_layer_sweep ===
device = mps
model  = google/gemma-3-4b-pt (dtype=bfloat16)

  loading google/gemma-3-4b-pt (dtype=bfloat16) ...
  loaded in 3.6s
  architecture: 34 layers, 8 heads, head_dim=256
  baseline (no ablation) ...
  layer        Δ     drop    s_gps   s_norm   s_ctrl  bar
   base   +3.676   +0.000    9.692    6.016    1.247  
      0   +0.805   -2.871   12.999   12.194   12.122  ██████████████████████
      1   +3.587   -0.089    9.544    5.957    1.341  
      2   +2.872   -0.804    9.260    6.388    1.520  ██████
      3   +3.556   -0.120    9.825    6.269    1.427  
      4   +1.618   -2.058    9.088    7.469    2.537  ████████████████
      5   +3.552   -0.125    9.489    5.937    1.120  
      6   +3.432   -0.244    9.332    5.900    1.503  █
      7   +3.404   -0.272    9.484    6.080    1.254  ██
      8   +3.461   -0.215    9.461    6.000    1.260  █
      9   +3.634   -0.042    9.632    5.998    1.225  
     10   +3.761   +0.085    9.509    5.747    1.243  
     11   +3.613   -0.064    9.533    5.921    1.208  
     12   +3.664   -0.012    9.729    6.065    1.357  
     13   +3.745   +0.069    9.645    5.900    1.228  
     14   +3.440   -0.236    9.529    6.089    1.254  █
     15   +3.387   -0.289    9.459    6.072    1.187  ██
     16   +3.696   +0.020    9.615    5.919    1.350  
     17   +3.858   +0.182    9.841    5.983    1.294  
     18   +3.499   -0.177    9.652    6.153    1.297  █
     19   +3.448   -0.228    9.453    6.005    1.226  █
     20   +3.662   -0.015    9.632    5.970    1.248  
     21   +3.216   -0.461    9.432    6.216    1.359  ███
     22   +3.515   -0.161    9.627    6.112    1.296  █
     23   +3.360   -0.317    9.354    5.994    1.393  ██
     24   +3.642   -0.034    9.751    6.109    1.383  
     25   +3.697   +0.021    9.749    6.052    1.355  
     26   +3.710   +0.033    9.711    6.002    1.317  
     27   +3.684   +0.008    9.753    6.069    1.323  
     28   +3.603   -0.074    9.501    5.898    1.279  
     29   +3.615   -0.062    9.640    6.026    1.396  
     30   +3.626   -0.050    9.621    5.994    1.308  
     31   +3.669   -0.007    9.606    5.937    1.251  
     32   +3.627   -0.050    9.636    6.009    1.202  
     33   +3.650   -0.026    9.753    6.103    1.354  

  Top 5 layer by |effect_drop|, per-template drop:
    layer   overall       RR       NV     NP_S     NP_Z    COORD
    ------------------------------------------------------------
     base    +0.000   +0.000   +0.000   +0.000   +0.000   +0.000      (baseline per-template: RR=+1.39, NV=+5.45, NP_S=+1.82, NP_Z=+6.32, COORD=+5.38)
        0    -2.871   -0.147   -4.952   -0.690   -5.019   -6.947
        4    -2.058   -2.051   -2.250   +0.508   -2.928   -5.085
        2    -0.804   -0.369   -0.955   -0.072   -1.685   -1.510
       21    -0.461   -0.178   -0.532   +0.195   -0.750   -1.898
       23    -0.317   -0.006   -0.872   -0.229   -0.225   -0.495

Saved → /Users/lucamattiazzi/Developer/garden_path_sentences/gemma3_4b/logs/02_layer_sweep.json

Elapsed: 537.8s
