=== 03_head_sweep_L23 ===
device = mps
model  = google/gemma-3-4b-pt (dtype=bfloat16)

  loading google/gemma-3-4b-pt (dtype=bfloat16) ...
  loaded in 3.5s
  layer 23: ablating each of 8 heads individually
  baseline (no ablation) ...
  layer        Δ     drop    s_gps   s_norm   s_ctrl  bar
   base   +3.676   +0.000    9.692    6.016    1.247  
      0   +3.693   +0.017    9.707    6.014    1.254  
      1   +3.705   +0.029    9.699    5.994    1.249  
      2   +3.680   +0.004    9.680    6.000    1.254  
      3   +3.692   +0.016    9.696    6.003    1.255  
      4   +3.692   +0.015    9.694    6.002    1.249  
      5   +3.419   -0.257    9.427    6.007    1.246  ██
      6   +3.683   +0.006    9.699    6.016    1.250  
      7   +3.679   +0.003    9.698    6.019    1.266  

  Top 5 head by |effect_drop|, per-template drop:
     head   overall       RR       NV     NP_S     NP_Z    COORD
    ------------------------------------------------------------
     base    +0.000   +0.000   +0.000   +0.000   +0.000   +0.000      (baseline per-template: RR=+1.39, NV=+5.45, NP_S=+1.82, NP_Z=+6.32, COORD=+5.38)
        5    -0.257   -0.140   -0.086   -0.163   -0.529   -0.593
        1    +0.029   +0.055   +0.004   +0.025   +0.014   +0.039
        0    +0.017   +0.047   -0.054   +0.025   +0.036   +0.016
        3    +0.016   +0.049   -0.052   +0.028   -0.029   +0.119
        4    +0.015   +0.039   -0.041   +0.052   +0.007   +0.001

Saved → /Users/lucamattiazzi/Developer/garden_path_sentences/gemma3_4b/logs/03_head_sweep_L23.json

Elapsed: 129.8s
