=== 03_head_sweep_L2 ===
device = mps
model  = google/gemma-3-4b-pt (dtype=bfloat16)

  loading google/gemma-3-4b-pt (dtype=bfloat16) ...
  loaded in 3.5s
  layer 2: ablating each of 8 heads individually
  baseline (no ablation) ...
  layer        Δ     drop    s_gps   s_norm   s_ctrl  bar
   base   +3.676   +0.000    9.692    6.016    1.247  
      0   +3.672   -0.004    9.680    6.007    1.243  
      1   +3.589   -0.088    9.606    6.017    1.242  
      2   +3.607   -0.069    9.702    6.094    1.234  
      3   +3.712   +0.035    9.692    5.980    1.244  
      4   +3.677   +0.000    9.701    6.024    1.261  
      5   +3.685   +0.008    9.674    5.989    1.350  
      6   +3.666   -0.010    9.663    5.997    1.219  
      7   +3.687   +0.010    9.679    5.992    1.246  

  Top 5 head by |effect_drop|, per-template drop:
     head   overall       RR       NV     NP_S     NP_Z    COORD
    ------------------------------------------------------------
     base    +0.000   +0.000   +0.000   +0.000   +0.000   +0.000      (baseline per-template: RR=+1.39, NV=+5.45, NP_S=+1.82, NP_Z=+6.32, COORD=+5.38)
        1    -0.088   +0.175   -0.043   -0.241   -0.456   +0.077
        2    -0.069   +0.111   -0.107   -0.004   -0.220   -0.362
        3    +0.035   +0.134   +0.051   +0.081   -0.118   -0.075
        6    -0.010   -0.045   -0.029   +0.012   +0.059   -0.052
        7    +0.010   +0.050   -0.127   +0.033   +0.049   +0.045

Saved → /Users/lucamattiazzi/Developer/garden_path_sentences/gemma3_4b/logs/03_head_sweep_L2.json

Elapsed: 131.5s
