=== 03_head_sweep_L21 ===
device = mps
model  = google/gemma-3-4b-pt (dtype=bfloat16)

  loading google/gemma-3-4b-pt (dtype=bfloat16) ...
  loaded in 3.5s
  layer 21: ablating each of 8 heads individually
  baseline (no ablation) ...
  layer        Δ     drop    s_gps   s_norm   s_ctrl  bar
   base   +3.676   +0.000    9.692    6.016    1.247  
      0   +3.685   +0.008    9.700    6.016    1.241  
      1   +3.685   +0.009    9.694    6.009    1.312  
      2   +3.704   +0.028    9.695    5.992    1.243  
      3   +3.462   -0.214    9.542    6.080    1.216  █
      4   +3.857   +0.181    9.999    6.142    1.234  
      5   +3.458   -0.218    9.299    5.841    1.276  █
      6   +3.679   +0.003    9.688    6.008    1.258  
      7   +3.714   +0.037    9.808    6.094    1.237  

  Top 5 head by |effect_drop|, per-template drop:
     head   overall       RR       NV     NP_S     NP_Z    COORD
    ------------------------------------------------------------
     base    +0.000   +0.000   +0.000   +0.000   +0.000   +0.000      (baseline per-template: RR=+1.39, NV=+5.45, NP_S=+1.82, NP_Z=+6.32, COORD=+5.38)
        5    -0.218   +0.016   -0.061   -0.155   -0.386   -1.027
        3    -0.214   -0.004   -0.044   -0.297   -0.812   +0.172
        4    +0.181   +0.063   -0.007   +0.483   +0.424   -0.177
        7    +0.037   +0.023   -0.020   +0.234   +0.008   -0.139
        2    +0.028   +0.080   -0.097   -0.005   +0.018   +0.203

Saved → /Users/lucamattiazzi/Developer/garden_path_sentences/gemma3_4b/logs/03_head_sweep_L21.json

Elapsed: 130.4s
