=== 04_predict ===
device = mps
model  = google/gemma-3-4b-pt (dtype=bfloat16)

  loading google/gemma-3-4b-pt (dtype=bfloat16) ...
  loaded in 3.6s
  computing baseline ...
  baseline        vc_gps= 6.266            vc_norm= 4.313            Δ=+1.953            ctrl= 1.247          
  L23.H5          vc_gps= 6.231  (-0.035)  vc_norm= 4.345  (+0.031)  Δ=+1.887  (-0.066)  ctrl= 1.246  (-0.000)
  L21.H5          vc_gps= 6.291  (+0.025)  vc_norm= 4.362  (+0.049)  Δ=+1.929  (-0.024)  ctrl= 1.276  (+0.029)
  L21.H3          vc_gps= 6.311  (+0.045)  vc_norm= 4.377  (+0.064)  Δ=+1.934  (-0.019)  ctrl= 1.216  (-0.031)
  L2.H1           vc_gps= 6.353  (+0.087)  vc_norm= 4.327  (+0.013)  Δ=+2.027  (+0.074)  ctrl= 1.242  (-0.005)
  L23.H5+L21.H5+L21.H3+L2.H1  vc_gps= 6.401  (+0.135)  vc_norm= 4.431  (+0.117)  Δ=+1.970  (+0.017)  ctrl= 1.260  (+0.013)

  Per-pair s_vc_gps (higher = model less able to predict verb-object):
     id  vc                  baseline            L23.H5            L21.H5            L21.H3             L2.H1  L23.H5+L21.H5+L21.H3+L2.H1
    -------------------------------------------------------------------------------------------------------------------------------------
     16  boat                   7.469             7.192             7.572             7.664             7.441             7.400
     17  ship                   5.283             5.088             5.290             5.222             5.639             5.493
     18  gate                   4.012             4.197             4.275             4.009             4.169             4.703
     19  savings                3.406             3.319             3.435             3.604             3.359             3.369
     20  children               4.881             4.833             4.923             4.912             5.053             5.099
     21  storm                  8.628             8.594             8.522             8.648             8.794             8.662
     22  kids                   3.109             3.114             3.085             3.196             3.152             3.079
     23  trails                13.967            14.099            14.004            13.862            13.955            14.243
     24  seas                   4.947             5.075             4.950             5.070             5.010             5.268
     25  survival               6.961             6.801             6.852             6.922             6.962             6.693

Saved → /Users/lucamattiazzi/Developer/garden_path_sentences/gemma3_4b/logs/04_predict.json

Elapsed: 18.4s
