=== 05_predict_layer_sweep ===
device = mps
model  = google/gemma-3-4b-pt (dtype=bfloat16)

  loading google/gemma-3-4b-pt (dtype=bfloat16) ...
  loaded in 3.5s
  architecture: 34 layers, 8 heads, head_dim=256
  baseline (no ablation) ...
   lyr   vc_gps     +gps  vc_norm    +norm     Δ_vc       +Δ     ctrl    +ctrl  bar
  base    6.266   +0.000    4.313   +0.000   +1.953   +0.000    1.247   +0.000  
     0   11.400   +5.134   11.547   +7.234   -0.147   -2.100   12.122  +10.875  ████████████████████████████████████████
     1    6.283   +0.017    5.013   +0.699   +1.271   -0.682    1.341   +0.095  
     2    6.325   +0.059    4.862   +0.549   +1.463   -0.490    1.520   +0.273  
     3    6.651   +0.384    4.468   +0.155   +2.182   +0.229    1.427   +0.181  ██████
     4    6.146   -0.120    5.668   +1.354   +0.479   -1.474    2.537   +1.290  
     5    6.437   +0.171    4.336   +0.022   +2.102   +0.149    1.120   -0.127  ██
     6    6.329   +0.063    4.182   -0.132   +2.148   +0.195    1.503   +0.257  █
     7    6.280   +0.013    4.419   +0.106   +1.861   -0.092    1.254   +0.007  
     8    6.097   -0.169    4.364   +0.051   +1.733   -0.220    1.260   +0.013  
     9    6.279   +0.013    4.329   +0.016   +1.951   -0.002    1.225   -0.022  
    10    6.042   -0.225    4.251   -0.063   +1.791   -0.162    1.243   -0.004  
    11    6.165   -0.101    4.349   +0.035   +1.816   -0.137    1.208   -0.038  
    12    6.404   +0.138    4.328   +0.015   +2.076   +0.123    1.357   +0.110  ██
    13    6.319   +0.052    4.448   +0.135   +1.871   -0.082    1.228   -0.019  
    14    6.206   -0.060    4.345   +0.032   +1.861   -0.092    1.254   +0.007  
    15    6.352   +0.086    4.305   -0.008   +2.047   +0.094    1.187   -0.060  █
    16    6.060   -0.207    4.296   -0.017   +1.763   -0.190    1.350   +0.104  
    17    6.348   +0.082    4.404   +0.091   +1.945   -0.009    1.294   +0.047  █
    18    6.179   -0.087    4.309   -0.004   +1.870   -0.083    1.297   +0.050  
    19    6.422   +0.155    4.362   +0.049   +2.059   +0.106    1.226   -0.020  ██
    20    6.191   -0.075    4.411   +0.098   +1.780   -0.173    1.248   +0.001  
    21    6.397   +0.131    4.473   +0.160   +1.924   -0.029    1.359   +0.113  ██
    22    6.503   +0.236    4.353   +0.039   +2.150   +0.197    1.296   +0.049  ███
    23    6.255   -0.011    4.387   +0.074   +1.868   -0.085    1.393   +0.147  
    24    6.285   +0.018    4.307   -0.006   +1.978   +0.025    1.383   +0.137  
    25    6.180   -0.087    4.345   +0.031   +1.835   -0.118    1.355   +0.108  
    26    6.213   -0.053    4.288   -0.025   +1.925   -0.028    1.317   +0.070  
    27    6.241   -0.025    4.349   +0.036   +1.892   -0.061    1.323   +0.076  
    28    6.370   +0.103    4.287   -0.027   +2.083   +0.130    1.279   +0.032  █
    29    6.157   -0.109    4.311   -0.003   +1.846   -0.107    1.396   +0.150  
    30    6.279   +0.013    4.340   +0.026   +1.940   -0.013    1.308   +0.061  
    31    6.255   -0.011    4.325   +0.012   +1.930   -0.023    1.251   +0.004  
    32    6.337   +0.070    4.318   +0.005   +2.018   +0.065    1.202   -0.044  █
    33    6.342   +0.076    4.364   +0.051   +1.978   +0.025    1.354   +0.107  █

  Top 10 layer by vc_gps_inflation (selectivity = vc_gps - ctrl):
    layer   +vc_gps   +vc_delta     +ctrl   selectivity
    ----------------------------------------------------
        0    +5.134      -2.100   +10.875        -5.741
        3    +0.384      +0.229    +0.181        +0.204
       22    +0.236      +0.197    +0.049        +0.187
        5    +0.171      +0.149    -0.127        +0.298
       19    +0.155      +0.106    -0.020        +0.176
       12    +0.138      +0.123    +0.110        +0.028
       21    +0.131      -0.029    +0.113        +0.018
       28    +0.103      +0.130    +0.032        +0.071
       15    +0.086      +0.094    -0.060        +0.146
       17    +0.082      -0.009    +0.047        +0.035

Saved → /Users/lucamattiazzi/Developer/garden_path_sentences/gemma3_4b/logs/05_predict_layer_sweep.json

Elapsed: 104.8s
