=== 06_predict_head_sweep_L3 ===
device = cuda
model  = google/gemma-3-4b-pt (dtype=bfloat16)

  loading google/gemma-3-4b-pt (dtype=bfloat16) ...
  loaded in 35.7s
  layer 3: ablating each of 8 heads individually
  baseline (no ablation) ...
   lyr   vc_gps     +gps  vc_norm    +norm     Δ_vc       +Δ     ctrl    +ctrl  bar
  base    6.248   +0.000    4.329   +0.000   +1.920   +0.000    1.251   +0.000  
     0    6.371   +0.122    4.307   -0.022   +2.064   +0.144    1.267   +0.016  █
     1    6.355   +0.107    4.333   +0.004   +2.022   +0.103    1.224   -0.028  █
     2    6.196   -0.053    4.383   +0.054   +1.813   -0.107    1.323   +0.072  
     3    6.207   -0.042    4.327   -0.002   +1.880   -0.040    1.199   -0.052  
     4    6.191   -0.057    4.327   -0.002   +1.865   -0.055    1.309   +0.058  
     5    6.230   -0.019    4.332   +0.004   +1.897   -0.022    1.320   +0.068  
     6    6.272   +0.023    4.360   +0.032   +1.911   -0.008    1.261   +0.009  
     7    6.238   -0.011    4.348   +0.019   +1.890   -0.030    1.210   -0.041  

  Top 10 head by vc_gps_inflation (selectivity = vc_gps - ctrl):
     head   +vc_gps   +vc_delta     +ctrl   selectivity
    ----------------------------------------------------
        0    +0.122      +0.144    +0.016        +0.106
        1    +0.107      +0.103    -0.028        +0.134
        6    +0.023      -0.008    +0.009        +0.014
        7    -0.011      -0.030    -0.041        +0.030
        5    -0.019      -0.022    +0.068        -0.087
        3    -0.042      -0.040    -0.052        +0.011
        2    -0.053      -0.107    +0.072        -0.125
        4    -0.057      -0.055    +0.058        -0.115

Saved → /app/gemma3_4b/logs/06_predict_head_sweep_L3.json

Elapsed: 14.3s
