=== 06_predict_head_sweep_L22 ===
device = cuda
model  = google/gemma-3-4b-pt (dtype=bfloat16)

  loading google/gemma-3-4b-pt (dtype=bfloat16) ...
  loaded in 6.2s
  layer 22: ablating each of 8 heads individually
  baseline (no ablation) ...
   lyr   vc_gps     +gps  vc_norm    +norm     Δ_vc       +Δ     ctrl    +ctrl  bar
  base    6.248   +0.000    4.329   +0.000   +1.920   +0.000    1.251   +0.000  
     0    6.382   +0.133    4.344   +0.015   +2.038   +0.118    1.289   +0.037  ██
     1    6.208   -0.040    4.352   +0.024   +1.856   -0.064    1.241   -0.010  
     2    6.262   +0.013    4.368   +0.039   +1.894   -0.026    1.211   -0.041  
     3    6.225   -0.023    4.276   -0.053   +1.950   +0.030    1.273   +0.022  
     4    6.209   -0.040    4.403   +0.074   +1.806   -0.114    1.317   +0.066  
     5    6.367   +0.119    4.249   -0.080   +2.118   +0.199    1.306   +0.054  █
     6    6.234   -0.014    4.340   +0.011   +1.895   -0.025    1.264   +0.013  
     7    6.260   +0.012    4.391   +0.063   +1.869   -0.051    1.244   -0.007  

  Top 10 head by vc_gps_inflation (selectivity = vc_gps - ctrl):
     head   +vc_gps   +vc_delta     +ctrl   selectivity
    ----------------------------------------------------
        0    +0.133      +0.118    +0.037        +0.096
        5    +0.119      +0.199    +0.054        +0.064
        2    +0.013      -0.026    -0.041        +0.054
        7    +0.012      -0.051    -0.007        +0.019
        6    -0.014      -0.025    +0.013        -0.027
        3    -0.023      +0.030    +0.022        -0.045
        4    -0.040      -0.114    +0.066        -0.105
        1    -0.040      -0.064    -0.010        -0.030

Saved → /app/gemma3_4b/logs/06_predict_head_sweep_L22.json

Elapsed: 14.5s
