=== 08_novel_lexical_baseline ===
device = mps
model  = google/gemma-3-4b-pt (dtype=bfloat16)

  loading google/gemma-3-4b-pt (dtype=bfloat16) ...
  loaded in 3.5s
Novel-pair lexical baseline probe — separating memorisation from parsing.

  NOVEL NV pairs (n=10):
    s_full     = 8.236
    s_stripped = 8.906
    s_anchor   = 12.453
    full − stripped = -0.670   95% CI [-2.223, +0.734]

     id  v_amb       vc             s_full  s_strip   s_anch  full-strip
    --------------------------------------------------------------------
     51  butter      toast           7.423    3.928   14.453      +3.495
     52  shoulder    burden          1.751    1.588   14.515      +0.163
     53  head        rebellion      12.855   11.743   16.234      +1.112
     54  witness     robbery        10.099   11.864   14.390      -1.766
     55  fashion     crown           8.530    8.831    9.265      -0.301
     56  mother      child           3.856    3.620    4.640      +0.235
     57  father      newborn        10.291   10.141    9.453      +0.150
     58  stomach     criticism       8.148   14.285   15.078      -6.137
     59  crew        expedition      8.828   10.305   15.546      -1.478
     60  partner     newcomer       10.581   12.750   10.953      -2.169


Saved → /Users/lucamattiazzi/Developer/garden_path_sentences/gemma3_4b/logs/08_novel_lexical_baseline.json

Elapsed: 3.5s
