=== 11_patching ===
device = mps
model  = google/gemma-3-4b-pt (dtype=bfloat16)

  loading google/gemma-3-4b-pt (dtype=bfloat16) ...
  loaded in 3.6s
Activation patching NORMAL → GPS over 20 NV pairs (canonical + novel):

    pair  16 (man): s_gps=7.469 s_norm=4.566 done
    pair  17 (captain): s_gps=5.283 s_norm=1.990 done
    pair  18 (guard): s_gps=4.012 s_norm=3.833 done
    pair  19 (bank): s_gps=3.406 s_norm=3.975 done
    pair  20 (nurse): s_gps=4.881 s_norm=3.899 done
    pair  21 (bear): s_gps=8.628 s_norm=9.764 done
    pair  22 (school): s_gps=3.109 s_norm=1.831 done
    pair  23 (dog): s_gps=13.967 s_norm=3.878 done
    pair  24 (rule): s_gps=4.947 s_norm=4.335 done
    pair  25 (fish): s_gps=6.961 s_norm=5.063 done
    pair  51 (butter): s_gps=7.423 s_norm=4.628 done
    pair  52 (shoulder): s_gps=1.751 s_norm=3.526 done
    pair  53 (head): s_gps=12.855 s_norm=7.049 done
    pair  54 (witness): s_gps=10.099 s_norm=6.605 done
    pair  55 (fashion): s_gps=8.530 s_norm=5.327 done
    pair  56 (mother): s_gps=3.856 s_norm=5.955 done
    pair  57 (father): s_gps=10.291 s_norm=7.987 done
    pair  58 (stomach): s_gps=8.148 s_norm=9.738 done
    pair  59 (crew): s_gps=8.828 s_norm=8.808 done
    pair  60 (partner): s_gps=10.581 s_norm=11.301 done

  Baselines: mean s_gps = 7.251, mean s_norm = 5.703, gap = +1.548

  Mean recovery of the GPS→NORMAL gap per layer (patched positions):
    layer     v_amb  critical      both  bar(both)
    ------------------------------------------------------------
        0    +0.269    +0.007    +0.260  ██████████
        1    +0.286    +0.021    +0.281  ███████████
        2    +0.505    +0.093    +0.541  █████████████████████
        3    +0.338    +0.299    +0.604  ████████████████████████
        4    +0.274    +0.651    +0.718  ████████████████████████████
        5    +0.204    +0.763    +0.706  ████████████████████████████
        6    +0.264    +0.887    +0.830  █████████████████████████████████
        7    +0.321    +0.975    +0.989  ███████████████████████████████████████
        8    +0.344    +1.087    +1.113  ████████████████████████████████████████
        9    +0.360    +1.098    +1.146  ████████████████████████████████████████
       10    +0.299    +1.215    +1.165  ████████████████████████████████████████
       11    +0.293    +1.209    +1.164  ████████████████████████████████████████
       12    +0.321    +1.210    +1.147  ████████████████████████████████████████
       13    +0.362    +1.216    +1.148  ████████████████████████████████████████
       14    +0.392    +1.216    +1.145  ████████████████████████████████████████
       15    +0.433    +1.266    +1.195  ████████████████████████████████████████
       16    +0.458    +1.264    +1.171  ████████████████████████████████████████
       17    +0.459    +1.255    +1.167  ████████████████████████████████████████
       18    +0.443    +1.213    +1.151  ████████████████████████████████████████
       19    +0.362    +1.204    +1.129  ████████████████████████████████████████
       20    +0.351    +1.159    +1.104  ████████████████████████████████████████
       21    +0.258    +1.153    +1.100  ████████████████████████████████████████
       22    +0.153    +1.088    +1.036  ████████████████████████████████████████
       23    +0.155    +1.076    +1.024  ████████████████████████████████████████
       24    +0.151    +1.049    +1.025  ████████████████████████████████████████
       25    +0.109    +1.039    +1.008  ████████████████████████████████████████
       26    +0.099    +1.037    +1.003  ████████████████████████████████████████
       27    +0.041    +1.031    +1.009  ████████████████████████████████████████
       28    +0.027    +1.014    +1.015  ████████████████████████████████████████
       29    +0.014    +1.018    +1.008  ████████████████████████████████████████
       30    +0.012    +1.016    +1.009  ████████████████████████████████████████
       31    +0.016    +1.017    +1.011  ████████████████████████████████████████
       32    +0.023    +1.006    +1.000  ███████████████████████████████████████
       33    +0.000    +1.000    +1.000  ████████████████████████████████████████

  Best layer: L15 recovers +119.5% of the gap (v_amb only: +43.3%)

Saved → /Users/lucamattiazzi/Developer/garden_path_sentences/gemma3_4b/logs/11_patching.json

Elapsed: 227.3s
