=== 13_null_distribution ===
device = mps
model  = google/gemma-3-4b-pt (dtype=bfloat16)

  loading google/gemma-3-4b-pt (dtype=bfloat16) ...
  loaded in 4.0s
  baselines (no ablation, NV pairs) ...
  sampling 60 random heads ...
        head   nv_drop   +vc_gps     +ctrl    select
    ------------------------------------------------
    L20.H5      -0.090    -0.019    +0.017    -0.037
    L 1.H7      -0.064    -0.037    -0.021    -0.016
    L 8.H5      -0.084    -0.036    +0.056    -0.092
    L33.H0      -0.004    -0.024    +0.021    -0.045
    L22.H2      +0.040    +0.014    -0.036    +0.050
    L25.H3      -0.068    +0.036    -0.002    +0.038
    L24.H1      -0.031    -0.019    +0.087    -0.106
    L11.H5      -0.080    +0.003    -0.004    +0.007
    L13.H3      -0.007    +0.026    -0.002    +0.028
    L14.H4      -0.099    -0.021    +0.013    -0.034
    L31.H2      +0.219    +0.026    +0.017    +0.010
    L26.H5      -0.025    -0.003    +0.010    -0.013
    L 5.H4      -0.103    -0.028    +0.016    -0.045
    L12.H0      +0.020    +0.018    -0.020    +0.038
    L27.H2      -0.021    -0.002    +0.011    -0.013
    L28.H0      -0.033    +0.055    +0.017    +0.038
    L 2.H3      +0.051    -0.054    -0.003    -0.051
    L 2.H1      -0.043    +0.087    -0.005    +0.092
    L17.H0      -0.148    +0.020    -0.042    +0.062
    L28.H4      -0.039    -0.009    +0.029    -0.038
    L17.H4      -0.082    +0.001    +0.002    -0.002
    L25.H1      -0.046    +0.009    +0.006    +0.003
    L22.H3      -0.212    -0.010    +0.033    -0.044
    L23.H3      -0.052    +0.026    +0.008    +0.018
    L19.H1      -0.060    -0.051    +0.011    -0.062
    L 5.H1      -0.031    -0.026    -0.016    -0.010
    L 2.H6      -0.029    +0.109    -0.028    +0.137
    L16.H3      -0.057    -0.064    +0.045    -0.109
    L24.H0      -0.019    +0.009    -0.021    +0.030
    L21.H4      -0.007    -0.151    -0.012    -0.138
    L29.H5      -0.027    -0.019    +0.006    -0.025
    L27.H3      +0.015    -0.007    +0.010    -0.017
    L14.H5      -0.008    -0.014    -0.011    -0.003
    L 6.H3      -0.104    +0.035    -0.024    +0.060
    L23.H1      +0.004    -0.035    +0.003    -0.038
    L29.H0      -0.014    -0.013    +0.011    -0.024
    L13.H5      -0.024    -0.017    -0.004    -0.014
    L14.H3      -0.030    +0.031    -0.041    +0.071
    L16.H4      -0.128    -0.011    +0.015    -0.026
    L25.H6      +0.025    -0.013    -0.003    -0.010
    L24.H5      -0.076    -0.031    -0.010    -0.021
    L24.H7      -0.123    -0.012    -0.001    -0.010
    L15.H4      +0.002    +0.015    -0.014    +0.028
    L20.H2      -0.127    -0.016    +0.014    -0.030
    L33.H5      -0.065    +0.138    +0.164    -0.026
    L 6.H7      +0.157    -0.001    -0.022    +0.022
    L 2.H2      -0.107    -0.093    -0.013    -0.080
    L 5.H2      -0.023    -0.013    -0.013    -0.001
    L 2.H4      +0.009    +0.019    +0.015    +0.004
    L19.H7      -0.127    +0.019    +0.005    +0.014
    L18.H3      -0.141    +0.004    +0.027    -0.023
    L11.H6      -0.073    -0.026    -0.012    -0.014
    L13.H0      -0.149    -0.064    +0.006    -0.070
    L22.H0      -0.128    +0.111    +0.046    +0.065
    L 3.H5      -0.122    -0.020    +0.095    -0.115
    L29.H3      -0.015    -0.018    -0.008    -0.010
    L33.H7      +0.234    +0.052    -0.015    +0.067
    L10.H6      -0.067    +0.008    -0.008    +0.016
    L11.H2      -0.040    -0.034    +0.012    -0.046
    L 1.H3      -0.106    -0.033    -0.069    +0.036

  Null percentiles:
    nv_effect_drop      p5=-0.141  p50=-0.041  p95=+0.056  |.|p95=0.160  |.|max=0.234
    vc_gps_inflation    p5=-0.064  p50=-0.010  p95=+0.088  |.|p95=0.109  |.|max=0.151
    selectivity         p5=-0.107  p50=-0.011  p95=+0.067  |.|p95=0.110  |.|max=0.138

Saved → /Users/lucamattiazzi/Developer/garden_path_sentences/gemma3_4b/logs/13_null_distribution.json

Elapsed: 588.8s
