=== 14_null_distribution_vc ===
device = cuda
model  = google/gemma-3-4b-pt (dtype=bfloat16)

  loading google/gemma-3-4b-pt (dtype=bfloat16) ...
  loaded in 10.0s
  baseline (no ablation, NV pairs) ...
  sampling 272 random heads (vc metric only) ...
        head   +vc_gps  +vc_delta     +ctrl    select
    --------------------------------------------------
    L 6.H2      -0.004     -0.020    +0.056    -0.059
    L12.H7      -0.000     +0.017    -0.019    +0.019
    L24.H5      -0.004     -0.000    -0.018    +0.014
    L17.H5      -0.005     -0.000    -0.004    -0.001
    L 0.H4      +0.064     -0.046    -0.012    +0.075
    L26.H2      -0.020     +0.046    +0.036    -0.056
    L 8.H3      -0.050     -0.042    -0.029    -0.021
    L25.H5      -0.004     +0.014    -0.008    +0.005
    L11.H5      +0.005     +0.025    -0.002    +0.007
    L25.H0      -0.021     -0.005    +0.012    -0.033
    L21.H4      -0.137     -0.080    -0.013    -0.125
    L32.H7      -0.004     +0.018    -0.004    -0.000
    L32.H1      +0.046     +0.059    -0.006    +0.052
    L 7.H7      +0.095     +0.091    +0.058    +0.036
    L15.H4      +0.010     -0.014    -0.026    +0.036
    L 9.H3      -0.019     +0.013    +0.010    -0.030
    L15.H5      -0.037     -0.008    +0.007    -0.044
    L13.H5      +0.001     +0.012    +0.006    -0.005
    L27.H3      -0.012     -0.021    +0.017    -0.029
    L20.H5      -0.004     +0.009    +0.011    -0.015
    L26.H0      +0.016     +0.041    +0.002    +0.014
    L17.H7      -0.010     -0.023    +0.015    -0.025
    L30.H7      +0.008     +0.007    -0.003    +0.010
    L32.H0      +0.013     +0.034    -0.003    +0.016
    L19.H3      -0.022     -0.019    +0.013    -0.035
    L16.H2      +0.011     -0.012    -0.017    +0.028
    L21.H6      -0.019     +0.005    -0.002    -0.016
    L33.H0      -0.021     -0.023    +0.018    -0.039
    L24.H2      -0.064     -0.060    +0.017    -0.081
    L15.H7      +0.036     +0.061    +0.021    +0.015
    L25.H3      +0.031     -0.039    -0.014    +0.045
    L28.H5      -0.001     -0.000    -0.022    +0.022
    L 0.H6      +0.084     +0.044    +0.177    -0.093
    L20.H2      -0.005     +0.011    +0.018    -0.023
    L29.H5      -0.013     -0.005    -0.002    -0.011
    L26.H5      +0.009     -0.019    -0.004    +0.013
    L16.H4      -0.005     +0.028    -0.005    +0.000
    L21.H7      +0.071     +0.006    -0.008    +0.080
    L29.H6      -0.009     -0.001    +0.002    -0.011
    L24.H3      +0.007     +0.023    +0.004    +0.003
    L 6.H6      -0.091     -0.036    +0.156    -0.247
    L30.H1      +0.072     +0.045    +0.017    +0.055
    L10.H0      -0.022     -0.021    +0.005    -0.028
    L12.H5      -0.043     -0.113    -0.005    -0.038
    L 8.H1      -0.049     -0.094    +0.056    -0.105
    L27.H0      -0.059     -0.040    -0.022    -0.038
    L 8.H0      +0.109     +0.169    -0.002    +0.111
    L14.H5      -0.012     -0.011    +0.000    -0.013
    L 4.H5      +0.004     +0.005    +0.039    -0.034
    L21.H5      +0.038     +0.017    +0.021    +0.017
    L 5.H4      -0.007     -0.033    +0.005    -0.012
    L21.H2      +0.008     +0.013    +0.007    +0.001
    L12.H1      +0.021     +0.000    +0.009    +0.013
    L24.H6      -0.009     +0.024    -0.010    +0.001
    L 5.H5      +0.051     -0.053    +0.031    +0.020
    L13.H2      -0.005     +0.016    +0.007    -0.012
    L 3.H5      -0.019     -0.022    +0.068    -0.087
    L14.H1      -0.026     -0.040    -0.043    +0.017
    L 7.H0      -0.081     -0.074    +0.093    -0.174
    L 7.H2      +0.000     +0.007    -0.016    +0.016
    L29.H0      -0.009     +0.003    -0.004    -0.006
    L 4.H1      +0.015     +0.054    -0.008    +0.022
    L14.H3      +0.036     +0.019    -0.034    +0.070
    L13.H4      +0.023     +0.023    -0.013    +0.037
    L19.H7      +0.021     +0.031    +0.023    -0.002
    L22.H1      -0.040     -0.064    -0.010    -0.030
    L10.H5      +0.097     +0.010    +0.054    +0.043
    L23.H5      -0.037     -0.043    +0.003    -0.041
    L28.H4      -0.013     +0.023    +0.021    -0.034
    L12.H2      +0.004     -0.012    +0.015    -0.012
    L20.H0      -0.005     -0.007    -0.008    +0.003
    L29.H3      +0.010     +0.023    -0.017    +0.026
    L25.H7      -0.009     +0.015    -0.019    +0.010
    L27.H7      -0.010     +0.009    +0.055    -0.065
    L33.H2      +0.021     +0.029    +0.071    -0.050
    L23.H6      +0.003     +0.012    +0.006    -0.003
    L17.H1      +0.095     +0.113    +0.048    +0.047
    L 1.H1      -0.012     +0.011    -0.015    +0.002
    L14.H0      -0.047     -0.024    -0.014    -0.033
    L16.H3      -0.025     +0.009    +0.033    -0.058
    L32.H6      +0.006     +0.020    +0.010    -0.004
    L28.H0      +0.055     +0.033    +0.017    +0.038
    L10.H6      -0.002     +0.018    -0.014    +0.012
    L13.H6      +0.162     +0.128    +0.018    +0.144
    L24.H7      -0.003     -0.046    +0.003    -0.006
    L 8.H2      -0.019     +0.016    -0.003    -0.017
    L 3.H1      +0.107     +0.103    -0.028    +0.134
    L 4.H6      +0.012     -0.094    +0.018    -0.007
    L 3.H7      -0.011     -0.030    -0.041    +0.030
    L15.H6      -0.015     +0.058    -0.036    +0.022
    L 2.H4      +0.025     -0.027    -0.009    +0.034
    L18.H1      -0.073     -0.035    +0.016    -0.088
    L14.H7      +0.217     +0.346    +0.062    +0.155
    L 1.H3      -0.004     +0.017    -0.046    +0.042
    L14.H4      -0.011     +0.031    -0.008    -0.003
    L12.H6      +0.014     +0.043    +0.061    -0.048
    L29.H4      +0.018     +0.007    +0.001    +0.017
    L22.H7      +0.012     -0.051    -0.007    +0.019
    L26.H3      -0.013     +0.010    +0.017    -0.030
    L10.H1      -0.135     -0.145    -0.019    -0.116
    L11.H0      +0.013     -0.133    +0.062    -0.049
    L28.H7      +0.001     +0.002    -0.006    +0.007
    L33.H6      -0.044     -0.018    +0.013    -0.057
    L 6.H0      +0.034     +0.021    -0.012    +0.046
    L11.H2      -0.029     -0.039    +0.000    -0.030
    L 2.H1      +0.110     +0.108    -0.013    +0.123
    L 3.H3      -0.042     -0.040    -0.052    +0.011
    L 5.H7      +0.014     +0.030    -0.021    +0.035
    L22.H3      -0.023     +0.030    +0.022    -0.045
    L30.H4      +0.008     +0.015    +0.007    +0.001
    L15.H2      +0.029     -0.049    +0.009    +0.020
    L17.H0      +0.011     +0.015    -0.031    +0.043
    L 3.H4      -0.057     -0.055    +0.058    -0.115
    L17.H4      +0.004     +0.025    +0.002    +0.003
    L22.H4      -0.040     -0.114    +0.066    -0.105
    L16.H5      +0.008     +0.038    +0.010    -0.002
    L27.H1      +0.025     +0.031    -0.004    +0.028
    L23.H4      +0.010     +0.000    +0.006    +0.004
    L16.H6      -0.018     -0.032    +0.010    -0.028
    L16.H7      +0.012     +0.006    -0.011    +0.023
    L25.H2      -0.002     +0.023    +0.002    -0.004
    L24.H0      -0.012     -0.029    -0.026    +0.014
    L 1.H0      +0.003     -0.040    +0.002    +0.000
    L 6.H7      +0.019     +0.031    -0.013    +0.031
    L11.H6      +0.009     +0.054    -0.001    +0.010
    L30.H6      +0.011     +0.026    -0.002    +0.013
    L27.H4      +0.023     +0.017    +0.017    +0.006
    L25.H1      +0.024     +0.039    -0.019    +0.043
    L19.H4      -0.046     -0.088    -0.016    -0.029
    L21.H3      +0.026     -0.025    -0.029    +0.054
    L 4.H4      +0.057     +0.059    -0.060    +0.117
    L11.H7      +0.010     +0.034    -0.000    +0.010
    L20.H1      +0.000     +0.019    +0.012    -0.012
    L18.H0      +0.032     -0.008    +0.013    +0.019
    L15.H0      +0.106     +0.108    +0.006    +0.100
    L 0.H0      +0.096     +0.065    +0.002    +0.094
    L 1.H6      +0.035     +0.040    -0.009    +0.045
    L12.H4      +0.001     +0.097    +0.024    -0.024
    L12.H0      +0.009     +0.029    -0.032    +0.042
    L31.H0      -0.020     -0.009    +0.020    -0.040
    L20.H3      -0.013     +0.009    -0.004    -0.008
    L20.H4      -0.037     -0.086    -0.059    +0.023
    L23.H1      -0.003     +0.017    -0.012    +0.009
    L19.H2      -0.064     -0.043    -0.012    -0.052
    L14.H2      -0.008     -0.021    +0.072    -0.080
    L 0.H7      -0.011     -0.033    +0.021    -0.032
    L13.H3      +0.007     -0.004    -0.008    +0.016
    L 1.H7      -0.002     -0.001    -0.038    +0.036
    L14.H6      -0.064     -0.135    +0.015    -0.079
    L 9.H7      +0.006     +0.000    -0.009    +0.015
    L28.H1      +0.004     -0.004    +0.006    -0.002
    L18.H4      +0.019     -0.001    -0.003    +0.021
    L31.H4      +0.007     +0.013    +0.014    -0.007
    L16.H1      +0.074     -0.000    +0.008    +0.066
    L22.H5      +0.119     +0.199    +0.054    +0.064
    L11.H3      +0.021     +0.022    +0.019    +0.002
    L 7.H1      -0.077     -0.112    +0.009    -0.086
    L18.H3      +0.021     +0.040    +0.025    -0.004
    L 7.H5      +0.006     +0.016    +0.029    -0.022
    L11.H4      +0.009     -0.021    -0.003    +0.012
    L18.H5      -0.001     +0.038    -0.024    +0.024
    L 6.H5      -0.008     -0.008    +0.015    -0.023
    L10.H3      +0.081     +0.047    +0.020    +0.062
    L 6.H1      +0.046     +0.068    -0.002    +0.048
    L11.H1      +0.005     +0.025    +0.010    -0.005
    L 2.H7      +0.047     +0.035    +0.004    +0.042
    L26.H1      -0.013     -0.006    -0.004    -0.009
    L 3.H0      +0.122     +0.144    +0.016    +0.106
    L25.H4      -0.022     -0.018    +0.018    -0.040
    L 2.H3      -0.056     -0.082    -0.024    -0.032
    L31.H1      +0.004     +0.002    +0.007    -0.003
    L 8.H6      +0.016     +0.013    +0.025    -0.009
    L30.H0      -0.046     -0.026    -0.013    -0.033
    L 0.H1      +0.018     +0.015    -0.061    +0.078
    L13.H1      -0.031     -0.067    -0.028    -0.003
    L 9.H1      -0.017     -0.022    +0.033    -0.050
    L28.H2      -0.026     -0.004    -0.010    -0.016
    L17.H3      +0.007     +0.017    -0.018    +0.026
    L21.H1      -0.042     +0.028    +0.039    -0.082
    L 8.H7      -0.040     -0.021    -0.042    +0.002
    L 3.H6      +0.023     -0.008    +0.009    +0.014
    L15.H1      -0.045     -0.060    +0.044    -0.089
    L 0.H3      -0.080     -0.081    -0.078    -0.003
    L25.H6      -0.011     +0.014    -0.005    -0.006
    L32.H5      +0.026     +0.001    -0.008    +0.034
    L13.H0      -0.058     -0.073    +0.009    -0.067
    L19.H0      +0.089     +0.038    -0.011    +0.100
    L 1.H5      +0.045     +0.035    -0.004    +0.048
    L 9.H5      -0.016     +0.004    +0.016    -0.031
    L30.H2      +0.013     +0.017    -0.005    +0.018
    L27.H2      -0.018     -0.006    -0.004    -0.014
    L 2.H6      +0.102     +0.050    -0.032    +0.133
    L 7.H4      -0.016     +0.028    -0.027    +0.011
    L 7.H6      +0.012     -0.016    +0.019    -0.007
    L31.H7      -0.018     -0.029    +0.014    -0.032
    L23.H3      +0.033     +0.053    +0.015    +0.018
    L31.H3      -0.003     +0.009    -0.012    +0.009
    L 2.H0      -0.002     -0.021    -0.005    +0.003
    L 5.H3      -0.000     +0.009    -0.027    +0.026
    L 9.H6      -0.005     -0.011    +0.009    -0.013
    L27.H5      -0.004     -0.000    +0.002    -0.006
    L10.H7      -0.026     -0.009    +0.003    -0.029
    L 2.H2      -0.083     -0.156    -0.031    -0.053
    L31.H5      -0.004     +0.011    -0.009    +0.005
    L 4.H2      -0.005     +0.032    -0.000    -0.005
    L 5.H1      -0.009     -0.001    +0.002    -0.012
    L18.H2      +0.017     -0.013    -0.052    +0.069
    L20.H7      +0.126     +0.108    +0.024    +0.102
    L33.H1      -0.001     -0.009    -0.011    +0.011
    L 8.H5      -0.034     -0.081    +0.046    -0.080
    L27.H6      +0.023     +0.031    +0.001    +0.022
    L22.H6      -0.014     -0.025    +0.013    -0.027
    L 5.H6      -0.007     -0.020    -0.018    +0.011
    L 6.H3      +0.049     +0.060    -0.033    +0.082
    L19.H5      +0.061     +0.078    +0.039    +0.022
    L10.H4      -0.004     +0.018    -0.042    +0.038
    L33.H5      +0.122     +0.086    +0.147    -0.026
    L31.H2      +0.021     -0.001    -0.001    +0.022
    L 5.H0      +0.004     +0.019    +0.027    -0.023
    L26.H6      -0.005     -0.022    -0.027    +0.022
    L 9.H4      +0.002     -0.007    -0.022    +0.024
    L23.H0      -0.009     +0.001    -0.003    -0.006
    L29.H7      +0.010     +0.024    +0.011    -0.001
    L17.H6      -0.012     -0.023    -0.005    -0.007
    L22.H2      +0.013     -0.026    -0.041    +0.054
    L23.H7      -0.002     +0.008    -0.015    +0.013
    L22.H0      +0.133     +0.118    +0.037    +0.096
    L19.H6      +0.118     +0.163    +0.020    +0.097
    L33.H3      -0.011     -0.015    -0.011    -0.000
    L31.H6      +0.016     +0.012    +0.002    +0.014
    L33.H7      +0.074     +0.061    -0.017    +0.091
    L13.H7      -0.066     -0.073    -0.003    -0.062
    L17.H2      -0.010     +0.007    +0.004    -0.013
    L18.H7      -0.068     -0.036    +0.022    -0.090
    L23.H2      +0.025     -0.025    -0.007    +0.032
    L 2.H5      +0.071     +0.116    +0.107    -0.037
    L21.H0      +0.014     +0.026    -0.014    +0.028
    L32.H2      +0.016     +0.019    +0.007    +0.009
    L 1.H4      +0.015     -0.007    +0.097    -0.082
    L24.H1      -0.007     +0.023    +0.071    -0.078
    L 8.H4      +0.032     +0.043    +0.018    +0.014
    L18.H6      +0.059     +0.022    -0.019    +0.078
    L26.H4      -0.000     +0.019    -0.009    +0.009
    L 4.H3      -0.005     +0.012    +0.014    -0.019
    L29.H2      +0.006     +0.028    -0.009    +0.015
    L24.H4      +0.078     +0.063    -0.009    +0.087
    L 9.H2      +0.007     -0.001    +0.010    -0.003
    L 6.H4      +0.033     +0.060    -0.015    +0.048
    L32.H3      -0.029     -0.002    +0.010    -0.039
    L29.H1      +0.013     +0.021    +0.014    -0.001
    L26.H7      +0.016     -0.110    -0.029    +0.045
    L19.H1      -0.037     -0.011    -0.000    -0.037
    L30.H5      -0.020     -0.009    -0.001    -0.020
    L30.H3      -0.014     -0.000    -0.002    -0.012
    L15.H3      -0.001     -0.050    +0.036    -0.037
    L 4.H0      -0.023     -0.019    +0.020    -0.044
    L28.H6      -0.017     -0.020    +0.008    -0.024
    L33.H4      -0.074     -0.067    -0.082    +0.008
    L 4.H7      -0.008     -0.032    -0.087    +0.079
    L20.H6      -0.037     -0.093    +0.003    -0.041
    L 0.H5      -0.099     -0.074    +0.002    -0.101
    L16.H0      -0.069     -0.074    -0.052    -0.016
    L 3.H2      -0.053     -0.107    +0.072    -0.125
    L 5.H2      +0.000     +0.005    -0.015    +0.016
    L32.H4      -0.060     -0.019    -0.008    -0.052
    L 7.H3      +0.030     +0.075    -0.079    +0.109
    L12.H3      -0.015     -0.048    -0.035    +0.020
    L28.H3      -0.002     +0.004    +0.001    -0.003
    L 1.H2      -0.039     -0.094    +0.077    -0.116
    L 0.H2      -0.079     -0.060    -0.020    -0.059
    L 9.H0      +0.040     +0.045    -0.012    +0.052
    L10.H2      -0.020     +0.106    -0.036    +0.016

  Null percentiles (single head):
    vc_gps_inflation      p5=-0.065  p50=-0.001  p95=+0.097  p99=+0.128  |.|max=0.217
    vc_delta_inflation    p5=-0.087  p50=+0.005  p95=+0.100  p99=+0.164  |.|max=0.346
    selectivity           p5=-0.088  p50=+0.001  p95=+0.095  p99=+0.134  |.|max=0.247

  Selection-corrected: null max(vc_gps_inflation) over K random heads:
    K=  8  p50=+0.074  p90=+0.126  p95=+0.162  p99=+0.217
    K= 16  p50=+0.106  p90=+0.162  p95=+0.217  p99=+0.217

Saved → /app/gemma3_4b/logs/14_null_distribution_vc.json

Elapsed: 400.7s
