=== 02_layer_sweep ===
device = mps
model  = google/gemma-3-1b-pt (dtype=bfloat16)

  loading google/gemma-3-1b-pt (dtype=bfloat16) ...
  loaded in 2.4s
  architecture: 26 layers, 4 heads, head_dim=256
  baseline (no ablation) ...
  layer        Δ     drop    s_gps   s_norm   s_ctrl  bar
   base   +3.837   +0.000   10.157    6.320    1.314  
      0   +0.788   -3.049   10.076    9.288    6.432  ████████████████████████
      1   +0.142   -3.695    9.318    9.177    8.324  █████████████████████████████
      2   +2.867   -0.971    9.912    7.046    1.769  ███████
      3   +3.620   -0.217   10.111    6.491    1.471  █
      4   +3.145   -0.692    9.703    6.558    1.826  █████
      5   +3.142   -0.695    9.285    6.144    1.546  █████
      6   +3.502   -0.335    9.673    6.171    1.563  ██
      7   +3.428   -0.409    9.669    6.241    1.443  ███
      8   +3.318   -0.519    9.717    6.399    1.412  ████
      9   +3.830   -0.007   10.239    6.409    1.500  
     10   +2.500   -1.337    9.151    6.651    1.513  ██████████
     11   +4.536   +0.699   11.031    6.495    1.765  
     12   +3.198   -0.639    9.841    6.642    1.434  █████
     13   +3.776   -0.061   10.058    6.282    1.360  
     14   +3.749   -0.088   10.122    6.373    1.428  
     15   +3.757   -0.080   10.225    6.467    1.549  
     16   +3.021   -0.816    9.798    6.777    1.354  ██████
     17   +3.951   +0.114   10.260    6.308    1.685  
     18   +3.910   +0.073   10.304    6.394    1.381  
     19   +3.907   +0.070   10.207    6.300    1.665  
     20   +3.809   -0.028   10.316    6.507    1.353  
     21   +3.871   +0.034   10.039    6.169    1.358  
     22   +3.840   +0.003   10.186    6.346    1.450  
     23   +3.761   -0.076   10.049    6.288    1.344  
     24   +3.766   -0.071   10.088    6.322    1.255  
     25   +3.771   -0.066   10.112    6.340    1.344  

  Top 5 layer by |effect_drop|, per-template drop:
    layer   overall       RR       NV     NP_S     NP_Z    COORD
    ------------------------------------------------------------
     base    +0.000   +0.000   +0.000   +0.000   +0.000   +0.000      (baseline per-template: RR=+1.45, NV=+5.41, NP_S=+2.04, NP_Z=+7.08, COORD=+4.96)
        1    -3.695   -1.605   -4.792   -2.502   -6.800   -3.950
        0    -3.049   -1.297   -3.770   -0.112   -6.085   -6.664
       10    -1.337   -0.892   -0.553   -0.373   -3.244   -2.350
        2    -0.971   +0.221   -1.828   -0.431   -1.715   -2.418
       16    -0.816   -0.228   -0.730   +0.157   -1.464   -3.406

Saved → /Users/lucamattiazzi/Developer/garden_path_sentences/gemma3_1b/logs/02_layer_sweep.json

Elapsed: 194.7s
