=== 03_head_sweep_L2 ===
device = mps
model  = google/gemma-3-1b-pt (dtype=bfloat16)

  loading google/gemma-3-1b-pt (dtype=bfloat16) ...
  loaded in 2.4s
  layer 2: ablating each of 4 heads individually
  baseline (no ablation) ...
  layer        Δ     drop    s_gps   s_norm   s_ctrl  bar
   base   +3.837   +0.000   10.157    6.320    1.314  
      0   +3.786   -0.051   10.078    6.293    1.469  
      1   +3.876   +0.039   10.134    6.258    1.403  
      2   +3.765   -0.072   10.160    6.395    1.365  
      3   +3.408   -0.429   10.235    6.827    1.385  ███

  Top 5 head by |effect_drop|, per-template drop:
     head   overall       RR       NV     NP_S     NP_Z    COORD
    ------------------------------------------------------------
     base    +0.000   +0.000   +0.000   +0.000   +0.000   +0.000      (baseline per-template: RR=+1.45, NV=+5.41, NP_S=+2.04, NP_Z=+7.08, COORD=+4.96)
        3    -0.429   +0.615   -1.832   -0.076   -0.341   -1.638
        2    -0.072   -0.072   -0.048   -0.169   -0.027   -0.020
        0    -0.051   -0.250   -0.033   +0.076   +0.195   -0.240
        1    +0.039   +0.032   +0.252   -0.068   -0.165   +0.255

Saved → /Users/lucamattiazzi/Developer/garden_path_sentences/gemma3_1b/logs/03_head_sweep_L2.json

Elapsed: 36.8s
