=== 03_head_sweep_L10 ===
device = mps
model  = google/gemma-3-1b-pt (dtype=bfloat16)

  loading google/gemma-3-1b-pt (dtype=bfloat16) ...
  loaded in 2.5s
  layer 10: ablating each of 4 heads individually
  baseline (no ablation) ...
  layer        Δ     drop    s_gps   s_norm   s_ctrl  bar
   base   +3.837   +0.000   10.157    6.320    1.314  
      0   +3.564   -0.273   10.037    6.473    1.242  ██
      1   +3.630   -0.207    9.967    6.337    1.402  █
      2   +3.701   -0.136    9.973    6.272    1.370  █
      3   +3.797   -0.040   10.176    6.379    1.340  

  Top 5 head by |effect_drop|, per-template drop:
     head   overall       RR       NV     NP_S     NP_Z    COORD
    ------------------------------------------------------------
     base    +0.000   +0.000   +0.000   +0.000   +0.000   +0.000      (baseline per-template: RR=+1.45, NV=+5.41, NP_S=+2.04, NP_Z=+7.08, COORD=+4.96)
        0    -0.273   -0.095   -0.107   -0.079   -0.577   -0.923
        1    -0.207   -0.241   -0.127   -0.160   -0.160   -0.453
        2    -0.136   +0.065   -0.111   -0.016   -0.471   -0.358
        3    -0.040   -0.142   -0.020   -0.053   +0.037   +0.092

Saved → /Users/lucamattiazzi/Developer/garden_path_sentences/gemma3_1b/logs/03_head_sweep_L10.json

Elapsed: 36.8s
