=== 05_predict_layer_sweep ===
device = mps
model  = google/gemma-3-1b-pt (dtype=bfloat16)

  loading google/gemma-3-1b-pt (dtype=bfloat16) ...
  loaded in 2.6s
  architecture: 26 layers, 4 heads, head_dim=256
  baseline (no ablation) ...
   lyr   vc_gps     +gps  vc_norm    +norm     Δ_vc       +Δ     ctrl    +ctrl  bar
  base    6.266   +0.000    4.568   +0.000   +1.698   +0.000    1.314   +0.000  
     0    9.499   +3.233    8.706   +4.138   +0.793   -0.905    6.432   +5.119  ████████████████████████████████████████
     1    9.738   +3.472    8.095   +3.527   +1.643   -0.055    8.324   +7.010  ████████████████████████████████████████
     2    6.585   +0.319    5.818   +1.249   +0.767   -0.931    1.769   +0.456  █████
     3    6.902   +0.636    4.989   +0.420   +1.914   +0.216    1.471   +0.157  ██████████
     4    6.863   +0.597    5.406   +0.837   +1.457   -0.241    1.826   +0.513  █████████
     5    6.743   +0.477    4.527   -0.042   +2.216   +0.518    1.546   +0.232  ███████
     6    6.340   +0.074    4.565   -0.004   +1.775   +0.077    1.563   +0.249  █
     7    6.229   -0.037    4.528   -0.040   +1.701   +0.003    1.443   +0.130  
     8    6.376   +0.110    4.593   +0.024   +1.784   +0.086    1.412   +0.099  █
     9    6.515   +0.249    4.551   -0.018   +1.964   +0.266    1.500   +0.187  ███
    10    6.419   +0.153    4.943   +0.375   +1.476   -0.222    1.513   +0.199  ██
    11    6.723   +0.457    4.966   +0.398   +1.756   +0.058    1.765   +0.452  ███████
    12    6.426   +0.160    4.438   -0.131   +1.988   +0.291    1.434   +0.121  ██
    13    6.531   +0.265    4.641   +0.072   +1.890   +0.192    1.360   +0.046  ████
    14    6.527   +0.261    4.716   +0.148   +1.811   +0.113    1.428   +0.115  ████
    15    6.243   -0.023    4.592   +0.023   +1.652   -0.046    1.549   +0.236  
    16    6.210   -0.056    4.536   -0.032   +1.674   -0.024    1.354   +0.041  
    17    6.373   +0.107    4.506   -0.062   +1.867   +0.169    1.685   +0.372  █
    18    6.420   +0.154    4.642   +0.074   +1.778   +0.080    1.381   +0.067  ██
    19    6.471   +0.205    4.496   -0.072   +1.975   +0.277    1.665   +0.351  ███
    20    6.233   -0.033    4.509   -0.059   +1.724   +0.026    1.353   +0.040  
    21    6.354   +0.088    4.754   +0.186   +1.600   -0.098    1.358   +0.045  █
    22    6.328   +0.061    4.551   -0.018   +1.777   +0.079    1.450   +0.137  
    23    6.248   -0.018    4.572   +0.004   +1.676   -0.022    1.344   +0.031  
    24    6.083   -0.183    4.516   -0.053   +1.567   -0.131    1.255   -0.058  
    25    6.325   +0.059    4.602   +0.034   +1.722   +0.025    1.344   +0.030  

  Top 10 layer by vc_gps_inflation (selectivity = vc_gps - ctrl):
    layer   +vc_gps   +vc_delta     +ctrl   selectivity
    ----------------------------------------------------
        1    +3.472      -0.055    +7.010        -3.538
        0    +3.233      -0.905    +5.119        -1.886
        3    +0.636      +0.216    +0.157        +0.479
        4    +0.597      -0.241    +0.513        +0.084
        5    +0.477      +0.518    +0.232        +0.244
       11    +0.457      +0.058    +0.452        +0.005
        2    +0.319      -0.931    +0.456        -0.137
       13    +0.265      +0.192    +0.046        +0.218
       14    +0.261      +0.113    +0.115        +0.147
        9    +0.249      +0.266    +0.187        +0.062

Saved → /Users/lucamattiazzi/Developer/garden_path_sentences/gemma3_1b/logs/05_predict_layer_sweep.json

Elapsed: 48.5s
