=== 11_patching ===
device = mps
model  = google/gemma-3-1b-pt (dtype=bfloat16)

  loading google/gemma-3-1b-pt (dtype=bfloat16) ...
  loaded in 2.5s
Activation patching NORMAL → GPS over 20 NV pairs (canonical + novel):

    pair  16 (man): s_gps=7.209 s_norm=6.027 done
    pair  17 (captain): s_gps=7.597 s_norm=2.196 done
    pair  18 (guard): s_gps=3.078 s_norm=4.481 done
    pair  19 (bank): s_gps=2.518 s_norm=2.263 done
    pair  20 (nurse): s_gps=5.502 s_norm=2.104 done
    pair  21 (bear): s_gps=7.689 s_norm=11.127 done
    pair  22 (school): s_gps=2.995 s_norm=1.568 done
    pair  23 (dog): s_gps=14.523 s_norm=5.656 done
    pair  24 (rule): s_gps=4.233 s_norm=5.295 done
    pair  25 (fish): s_gps=7.318 s_norm=4.969 done
    pair  51 (butter): s_gps=7.903 s_norm=5.552 done
    pair  52 (shoulder): s_gps=5.253 s_norm=1.800 done
    pair  53 (head): s_gps=12.374 s_norm=7.737 done
    pair  54 (witness): s_gps=10.420 s_norm=7.685 done
    pair  55 (fashion): s_gps=8.372 s_norm=4.279 done
    pair  56 (mother): s_gps=2.326 s_norm=3.613 done
    pair  57 (father): s_gps=10.049 s_norm=9.422 done
    pair  58 (stomach): s_gps=9.094 s_norm=9.033 done
    pair  59 (crew): s_gps=8.783 s_norm=9.343 done
    pair  60 (partner): s_gps=9.694 s_norm=9.236 done

  Baselines: mean s_gps = 7.347, mean s_norm = 5.669, gap = +1.677

  Mean recovery of the GPS→NORMAL gap per layer (patched positions):
    layer     v_amb  critical      both  bar(both)
    ------------------------------------------------------------
        0    +0.269    -0.026    +0.259  ██████████
        1    +0.272    -0.016    +0.274  ██████████
        2    +0.576    +0.075    +0.633  █████████████████████████
        3    +0.573    +0.440    +0.772  ██████████████████████████████
        4    +0.272    +0.773    +0.829  █████████████████████████████████
        5    +0.261    +0.793    +0.840  █████████████████████████████████
        6    +0.296    +0.989    +1.046  ████████████████████████████████████████
        7    +0.441    +1.008    +1.049  ████████████████████████████████████████
        8    +0.393    +1.069    +1.081  ████████████████████████████████████████
        9    +0.409    +1.094    +1.088  ████████████████████████████████████████
       10    +0.305    +1.106    +1.054  ████████████████████████████████████████
       11    +0.320    +1.112    +1.082  ████████████████████████████████████████
       12    +0.244    +1.108    +1.053  ████████████████████████████████████████
       13    +0.223    +1.112    +1.034  ████████████████████████████████████████
       14    +0.257    +1.213    +1.133  ████████████████████████████████████████
       15    +0.235    +1.162    +1.100  ████████████████████████████████████████
       16    +0.052    +1.106    +1.065  ████████████████████████████████████████
       17    +0.059    +1.111    +1.065  ████████████████████████████████████████
       18    +0.062    +1.086    +1.049  ████████████████████████████████████████
       19    +0.042    +1.060    +1.033  ████████████████████████████████████████
       20    +0.034    +1.042    +1.014  ████████████████████████████████████████
       21    +0.005    +1.024    +1.011  ████████████████████████████████████████
       22    +0.005    +0.998    +0.999  ███████████████████████████████████████
       23    +0.006    +0.994    +0.999  ███████████████████████████████████████
       24    +0.014    +0.989    +0.995  ███████████████████████████████████████
       25    +0.000    +1.000    +1.000  ████████████████████████████████████████

  Best layer: L14 recovers +113.3% of the gap (v_amb only: +25.7%)

Saved → /Users/lucamattiazzi/Developer/garden_path_sentences/gemma3_1b/logs/11_patching.json

Elapsed: 101.2s
