=== 13_null_distribution ===
device = mps
model  = google/gemma-3-1b-pt (dtype=bfloat16)

  loading google/gemma-3-1b-pt (dtype=bfloat16) ...
  loaded in 2.4s
  baselines (no ablation, NV pairs) ...
  sampling 60 random heads ...
        head   nv_drop   +vc_gps     +ctrl    select
    ------------------------------------------------
    L 8.H3      +0.060    +0.008    +0.041    -0.033
    L19.H3      +0.042    +0.168    +0.034    +0.133
    L 5.H2      +0.013    +0.092    +0.103    -0.012
    L24.H0      -0.584    -0.032    -0.057    +0.025
    L15.H0      -0.142    -0.073    -0.029    -0.045
    L23.H1      -0.012    +0.057    +0.021    +0.036
    L13.H0      +0.106    -0.019    -0.067    +0.047
    L12.H0      -0.264    +0.064    +0.118    -0.055
    L18.H1      -0.046    +0.243    -0.003    +0.246
    L 8.H0      -0.233    -0.015    -0.027    +0.012
    L22.H1      -0.002    -0.030    -0.028    -0.002
    L17.H1      -0.025    +0.148    +0.049    +0.099
    L 2.H2      -0.048    +0.077    +0.051    +0.025
    L17.H2      +0.010    +0.034    +0.021    +0.012
    L13.H2      -0.168    +0.138    +0.228    -0.090
    L10.H1      -0.127    -0.056    +0.088    -0.144
    L 1.H0      -0.115    +0.078    +0.245    -0.168
    L 1.H2      -0.129    +0.047    +0.002    +0.044
    L10.H3      -0.020    -0.066    +0.027    -0.093
    L 7.H3      -0.203    +0.039    -0.096    +0.135
    L 7.H2      +0.154    +0.088    +0.060    +0.027
    L25.H2      -0.054    -0.054    -0.021    -0.033
    L11.H3      -0.033    +0.040    +0.021    +0.019
    L10.H2      -0.111    +0.050    +0.056    -0.006
    L 9.H0      -0.104    +0.063    -0.036    +0.099
    L 3.H2      -0.144    +0.013    +0.012    +0.001
    L19.H0      -0.007    +0.057    -0.058    +0.114
    L 9.H3      +0.027    +0.002    +0.086    -0.084
    L16.H1      -0.474    +0.055    +0.115    -0.060
    L11.H0      -0.086    -0.082    -0.061    -0.021
    L11.H1      -0.013    -0.003    +0.007    -0.010
    L19.H2      -0.025    -0.101    +0.403    -0.504
    L 7.H0      -0.094    -0.026    -0.009    -0.017
    L 4.H2      +0.217    +0.233    +0.111    +0.122
    L13.H1      -0.161    +0.166    +0.149    +0.017
    L20.H2      -0.012    -0.001    +0.021    -0.022
    L 8.H1      -0.107    +0.069    -0.000    +0.070
    L10.H0      -0.107    +0.163    -0.072    +0.235
    L12.H1      -0.106    -0.047    +0.063    -0.110
    L20.H1      -0.052    +0.038    +0.024    +0.014
    L14.H3      -0.130    -0.034    +0.036    -0.070
    L18.H0      +0.007    -0.008    +0.066    -0.074
    L24.H1      +0.638    +0.064    +0.099    -0.036
    L14.H2      +0.034    +0.179    -0.048    +0.228
    L 3.H3      +0.102    +0.172    +0.071    +0.100
    L 4.H1      -0.060    -0.033    +0.207    -0.240
    L12.H2      +0.046    -0.027    +0.065    -0.093
    L 3.H0      -0.147    +0.011    -0.024    +0.035
    L 1.H1      +0.125    -0.021    +0.017    -0.038
    L20.H3      +0.034    -0.005    +0.039    -0.044
    L13.H3      +0.113    +0.074    +0.136    -0.062
    L 5.H1      -0.016    -0.020    +0.032    -0.052
    L15.H3      -0.077    +0.123    +0.012    +0.110
    L23.H0      +0.003    -0.005    +0.008    -0.013
    L 1.H3      +0.033    +0.234    +0.168    +0.066
    L16.H3      +0.030    +0.097    +0.078    +0.018
    L17.H3      -0.007    -0.045    -0.009    -0.036
    L 6.H0      -0.080    -0.076    +0.006    -0.082
    L21.H3      -0.040    +0.017    -0.026    +0.044
    L24.H3      +0.381    +0.073    +0.038    +0.035

  Null percentiles:
    nv_effect_drop      p5=-0.234  p50=-0.029  p95=+0.157  |.|p95=0.386  |.|max=0.638
    vc_gps_inflation    p5=-0.073  p50=+0.036  p95=+0.182  |.|p95=0.182  |.|max=0.243
    selectivity         p5=-0.146  p50=-0.004  p95=+0.139  |.|p95=0.235  |.|max=0.504

Saved → /Users/lucamattiazzi/Developer/garden_path_sentences/gemma3_1b/logs/13_null_distribution.json

Elapsed: 217.1s
