=== 14_null_distribution_vc ===
device = cuda
model  = google/gemma-3-1b-pt (dtype=bfloat16)

  loading google/gemma-3-1b-pt (dtype=bfloat16) ...
  loaded in 6.5s
  baseline (no ablation, NV pairs) ...
  sampling 104 random heads (vc metric only) ...
        head   +vc_gps  +vc_delta     +ctrl    select
    --------------------------------------------------
    L24.H0      -0.015     +0.031    -0.047    +0.032
    L 9.H2      -0.039     +0.021    +0.014    -0.053
    L17.H2      +0.061     +0.060    +0.011    +0.049
    L16.H2      -0.026     -0.116    +0.003    -0.029
    L19.H3      +0.165     +0.154    +0.041    +0.124
    L 0.H2      +0.121     +0.207    +0.049    +0.071
    L25.H0      +0.082     +0.087    +0.074    +0.008
    L 2.H2      +0.074     +0.036    +0.068    +0.006
    L10.H3      -0.070     -0.016    +0.043    -0.113
    L23.H3      +0.005     +0.030    +0.012    -0.007
    L18.H3      -0.029     -0.012    +0.012    -0.041
    L 0.H3      +0.031     +0.184    +0.148    -0.117
    L17.H0      +0.008     +0.043    +0.042    -0.034
    L10.H0      +0.166     +0.018    -0.040    +0.205
    L15.H0      -0.065     -0.032    +0.026    -0.091
    L19.H0      +0.078     +0.003    -0.017    +0.095
    L23.H0      -0.006     +0.010    -0.006    +0.000
    L 5.H3      +0.022     +0.067    +0.043    -0.021
    L16.H0      -0.039     +0.079    +0.053    -0.092
    L13.H2      +0.150     +0.025    +0.245    -0.095
    L20.H2      +0.012     +0.104    +0.033    -0.020
    L 7.H0      -0.042     -0.016    -0.013    -0.029
    L12.H0      +0.071     +0.116    +0.125    -0.055
    L 1.H1      +0.008     +0.084    +0.046    -0.038
    L 7.H1      +0.004     +0.032    +0.065    -0.061
    L 6.H0      -0.063     -0.068    +0.011    -0.074
    L 1.H3      +0.236     +0.300    +0.151    +0.085
    L 1.H2      +0.035     +0.028    -0.006    +0.041
    L 3.H2      -0.002     +0.047    +0.028    -0.030
    L 5.H0      +0.025     +0.062    -0.086    +0.111
    L19.H1      +0.001     +0.108    +0.063    -0.062
    L 5.H2      +0.092     +0.221    +0.102    -0.009
    L 4.H1      -0.056     -0.048    +0.230    -0.286
    L22.H2      +0.048     +0.053    +0.033    +0.015
    L20.H3      +0.003     +0.010    +0.028    -0.025
    L13.H3      +0.097     +0.109    +0.143    -0.046
    L11.H1      -0.032     +0.014    +0.026    -0.058
    L12.H1      -0.057     +0.056    +0.061    -0.117
    L18.H1      +0.243     +0.138    +0.003    +0.240
    L 6.H1      -0.092     +0.105    -0.058    -0.034
    L 2.H1      +0.195     +0.130    +0.074    +0.121
    L23.H1      +0.058     +0.070    +0.037    +0.021
    L 9.H1      +0.103     +0.202    -0.032    +0.135
    L14.H3      -0.064     -0.154    +0.020    -0.084
    L13.H1      +0.162     +0.092    +0.156    +0.006
    L 4.H2      +0.222     +0.252    +0.090    +0.132
    L 8.H2      -0.036     -0.021    +0.119    -0.154
    L 4.H3      -0.248     -0.206    -0.070    -0.179
    L25.H2      -0.053     -0.024    +0.002    -0.055
    L 7.H3      +0.044     +0.090    -0.094    +0.138
    L19.H2      -0.086     -0.014    +0.417    -0.503
    L21.H0      -0.007     -0.016    -0.004    -0.004
    L12.H2      -0.032     -0.167    +0.058    -0.091
    L25.H3      +0.051     +0.037    +0.012    +0.039
    L14.H0      +0.089     +0.171    +0.114    -0.026
    L 9.H0      +0.056     +0.007    -0.053    +0.108
    L 6.H2      +0.323     +0.270    +0.101    +0.222
    L 9.H3      +0.004     -0.025    +0.110    -0.106
    L 4.H0      +0.732     +0.291    +0.032    +0.700
    L22.H3      +0.062     +0.091    +0.137    -0.075
    L 1.H0      +0.079     -0.090    +0.285    -0.206
    L17.H1      +0.141     +0.193    +0.041    +0.100
    L12.H3      +0.261     +0.421    -0.025    +0.286
    L 8.H0      -0.008     -0.025    -0.004    -0.004
    L15.H1      -0.043     +0.042    +0.053    -0.096
    L 2.H0      +0.178     +0.154    +0.158    +0.020
    L21.H2      -0.007     +0.054    +0.072    -0.079
    L 8.H1      +0.102     +0.140    +0.028    +0.073
    L11.H3      +0.026     +0.021    +0.021    +0.005
    L21.H1      -0.000     +0.010    +0.038    -0.038
    L17.H3      -0.029     -0.007    +0.017    -0.046
    L24.H2      -0.057     -0.008    -0.011    -0.046
    L22.H0      -0.017     -0.011    -0.055    +0.038
    L10.H1      -0.051     +0.019    +0.101    -0.152
    L14.H1      -0.057     -0.011    +0.019    -0.076
    L11.H2      +0.023     +0.044    +0.059    -0.036
    L22.H1      -0.030     -0.007    -0.021    -0.009
    L 7.H2      +0.086     +0.112    +0.061    +0.025
    L 5.H1      -0.013     -0.030    +0.014    -0.027
    L 0.H1      +0.063     +0.045    +0.472    -0.410
    L 3.H0      -0.020     -0.001    -0.042    +0.022
    L24.H3      +0.074     +0.031    +0.012    +0.061
    L 3.H1      -0.006     +0.153    +0.025    -0.032
    L 6.H3      +0.269     +0.233    +0.074    +0.195
    L23.H2      -0.025     -0.017    +0.000    -0.026
    L18.H2      +0.015     +0.080    +0.053    -0.038
    L 2.H3      +0.157     -0.591    +0.089    +0.068
    L16.H3      +0.099     +0.164    +0.091    +0.008
    L14.H2      +0.184     +0.028    -0.033    +0.217
    L18.H0      -0.009     +0.049    +0.092    -0.100
    L25.H1      -0.014     +0.024    -0.028    +0.014
    L13.H0      -0.021     -0.048    -0.046    +0.024
    L20.H1      +0.036     +0.005    +0.046    -0.010
    L10.H2      +0.073     +0.154    +0.054    +0.019
    L 8.H3      -0.002     +0.017    +0.045    -0.047
    L20.H0      +0.025     +0.018    -0.013    +0.038
    L24.H1      +0.088     +0.060    +0.098    -0.011
    L 0.H0      +0.229     +0.180    +0.217    +0.012
    L15.H3      +0.123     +0.100    +0.018    +0.104
    L 3.H3      +0.176     -0.169    +0.048    +0.128
    L21.H3      +0.028     +0.024    -0.015    +0.043
    L15.H2      +0.031     +0.051    +0.016    +0.016
    L16.H1      +0.054     -0.043    +0.108    -0.054
    L11.H0      -0.076     +0.110    -0.058    -0.018

  Null percentiles (single head):
    vc_gps_inflation      p5=-0.065  p50=+0.024  p95=+0.235  p99=+0.321  |.|max=0.732
    vc_delta_inflation    p5=-0.112  p50=+0.036  p95=+0.231  p99=+0.300  |.|max=0.591
    selectivity           p5=-0.154  p50=-0.010  p95=+0.204  p99=+0.285  |.|max=0.700

  Selection-corrected: null max(vc_gps_inflation) over K random heads:
    K=  4  p50=+0.150  p90=+0.269  p95=+0.323  p99=+0.732
    K=  8  p50=+0.195  p90=+0.323  p95=+0.732  p99=+0.732

Saved → /app/gemma3_1b/logs/14_null_distribution_vc.json

Elapsed: 125.8s
