=== 02_layer_sweep ===
device = mps
model  = google/gemma-3-12b-pt (dtype=bfloat16)

  loading google/gemma-3-12b-pt (dtype=bfloat16) ...
  loaded in 10.2s
  architecture: 48 layers, 16 heads, head_dim=256
  baseline (no ablation) ...
  layer        Δ     drop    s_gps   s_norm   s_ctrl  bar
   base   +3.919   +0.000    9.728    5.809    1.370  
      0   +1.577   -2.341    8.664    7.087    1.297  ██████████████████
      1   +3.941   +0.022    9.668    5.728    1.350  
      2   +3.517   -0.401    9.298    5.781    1.532  ███
      3   +3.874   -0.045    9.747    5.873    1.451  
      4   +3.810   -0.109    9.686    5.876    1.252  
      5   +3.951   +0.033    9.653    5.702    1.336  
      6   +3.745   -0.173    9.642    5.897    1.397  █
      7   +4.008   +0.090    9.872    5.864    1.361  
      8   +4.024   +0.106    9.908    5.884    1.287  
      9   +3.907   -0.012    9.720    5.814    1.341  
     10   +3.839   -0.080    9.742    5.903    1.374  
     11   +4.116   +0.198    9.828    5.712    1.349  
     12   +4.035   +0.117    9.816    5.781    1.386  
     13   +3.824   -0.095    9.627    5.803    1.288  
     14   +3.853   -0.065    9.665    5.812    1.353  
     15   +3.985   +0.066    9.768    5.783    1.431  
     16   +3.927   +0.009    9.843    5.916    1.361  
     17   +3.995   +0.076    9.646    5.651    1.344  
     18   +3.906   -0.012    9.785    5.879    1.362  
     19   +3.958   +0.039    9.815    5.857    1.423  
     20   +3.859   -0.059    9.679    5.819    1.387  
     21   +3.914   -0.004    9.789    5.875    1.379  
     22   +4.033   +0.115    9.735    5.702    1.387  
     23   +3.928   +0.010    9.774    5.845    1.421  
     24   +3.862   -0.056    9.654    5.792    1.451  
     25   +3.874   -0.045    9.640    5.766    1.334  
     26   +3.616   -0.302    9.437    5.821    1.357  ██
     27   +3.847   -0.072    9.722    5.875    1.432  
     28   +3.799   -0.119    9.604    5.804    1.475  
     29   +3.808   -0.111    9.619    5.811    1.463  
     30   +3.841   -0.078    9.792    5.951    1.445  
     31   +3.912   -0.006    9.708    5.796    1.399  
     32   +3.789   -0.129    9.695    5.905    1.418  █
     33   +3.680   -0.239    9.493    5.813    1.524  █
     34   +3.878   -0.041    9.671    5.793    1.479  
     35   +3.894   -0.024    9.706    5.812    1.461  
     36   +3.915   -0.004    9.711    5.796    1.385  
     37   +3.884   -0.035    9.708    5.825    1.389  
     38   +3.849   -0.070    9.713    5.864    1.432  
     39   +3.798   -0.120    9.602    5.804    1.388  
     40   +3.920   +0.002    9.696    5.776    1.374  
     41   +3.750   -0.168    9.628    5.878    1.502  █
     42   +3.922   +0.003    9.701    5.779    1.362  
     43   +3.902   -0.016    9.694    5.792    1.356  
     44   +3.926   +0.008    9.796    5.870    1.392  
     45   +3.884   -0.035    9.705    5.821    1.368  
     46   +4.046   +0.127    9.950    5.904    1.415  
     47   +3.818   -0.101    9.640    5.822    1.461  

  Top 5 layer by |effect_drop|, per-template drop:
    layer   overall       RR       NV     NP_S     NP_Z    COORD
    ------------------------------------------------------------
     base    +0.000   +0.000   +0.000   +0.000   +0.000   +0.000      (baseline per-template: RR=+2.29, NV=+5.52, NP_S=+1.69, NP_Z=+6.22, COORD=+5.44)
        0    -2.341   -1.672   -3.176   -0.375   -3.202   -4.890
        2    -0.401   +0.218   -1.134   -0.093   -1.220   +0.223
       26    -0.302   -0.092   -0.149   -0.101   -0.726   -0.796
       33    -0.239   +0.033   -0.318   -0.209   -0.515   -0.403
       11    +0.198   +0.172   -0.065   +0.181   +0.146   +0.938

Saved → /Users/lucamattiazzi/Developer/garden_path_sentences/gemma3_12b/logs/02_layer_sweep.json

Elapsed: 2036.7s
