=== 03_head_sweep_L2 ===
device = mps
model  = google/gemma-3-12b-pt (dtype=bfloat16)

  loading google/gemma-3-12b-pt (dtype=bfloat16) ...
  loaded in 6.0s
  layer 2: ablating each of 16 heads individually
  baseline (no ablation) ...
  layer        Δ     drop    s_gps   s_norm   s_ctrl  bar
   base   +3.919   +0.000    9.728    5.809    1.370  
      0   +3.934   +0.016    9.803    5.869    1.326  
      1   +3.950   +0.032    9.742    5.792    1.376  
      2   +3.919   +0.001    9.736    5.817    1.374  
      3   +3.916   -0.003    9.725    5.809    1.351  
      4   +3.926   +0.007    9.731    5.806    1.372  
      5   +4.003   +0.085    9.810    5.807    1.362  
      6   +3.887   -0.032    9.678    5.791    1.375  
      7   +3.938   +0.019    9.747    5.809    1.400  
      8   +3.834   -0.085    9.652    5.818    1.413  
      9   +3.909   -0.010    9.722    5.813    1.355  
     10   +3.931   +0.012    9.734    5.803    1.380  
     11   +3.915   -0.004    9.733    5.818    1.358  
     12   +3.950   +0.031    9.744    5.794    1.376  
     13   +3.927   +0.009    9.737    5.810    1.368  
     14   +3.924   +0.005    9.736    5.812    1.368  
     15   +3.828   -0.090    9.627    5.799    1.356  

  Top 5 head by |effect_drop|, per-template drop:
     head   overall       RR       NV     NP_S     NP_Z    COORD
    ------------------------------------------------------------
     base    +0.000   +0.000   +0.000   +0.000   +0.000   +0.000      (baseline per-template: RR=+2.29, NV=+5.52, NP_S=+1.69, NP_Z=+6.22, COORD=+5.44)
       15    -0.090   -0.244   -0.030   -0.015   +0.004   -0.088
        5    +0.085   +0.169   +0.022   -0.005   +0.028   +0.249
        8    -0.085   -0.253   -0.066   +0.018   -0.047   +0.104
        1    +0.032   +0.090   +0.011   +0.022   +0.001   -0.020
        6    -0.032   -0.030   -0.018   -0.043   -0.059   +0.014

Saved → /Users/lucamattiazzi/Developer/garden_path_sentences/gemma3_12b/logs/03_head_sweep_L2.json

Elapsed: 551.4s
