=== 03_head_sweep_L0 ===
device = mps
model  = google/gemma-3-12b-pt (dtype=bfloat16)

  loading google/gemma-3-12b-pt (dtype=bfloat16) ...
  loaded in 12.4s
  layer 0: ablating each of 16 heads individually
  baseline (no ablation) ...
  layer        Δ     drop    s_gps   s_norm   s_ctrl  bar
   base   +3.919   +0.000    9.728    5.809    1.370  
      0   +3.911   -0.008    9.709    5.798    1.364  
      1   +3.922   +0.004    9.724    5.802    1.380  
      2   +3.897   -0.022    9.698    5.801    1.382  
      3   +3.895   -0.023    9.713    5.818    1.353  
      4   +3.910   -0.008    9.722    5.812    1.371  
      5   +3.934   +0.016    9.741    5.807    1.356  
      6   +3.914   -0.005    9.714    5.800    1.354  
      7   +3.906   -0.012    9.728    5.822    1.368  
      8   +3.940   +0.022    9.762    5.822    1.362  
      9   +3.888   -0.030    9.687    5.799    1.362  
     10   +3.860   -0.059    9.652    5.792    1.325  
     11   +3.920   +0.001    9.729    5.809    1.364  
     12   +3.943   +0.025    9.760    5.817    1.355  
     13   +3.940   +0.021    9.726    5.787    1.361  
     14   +3.933   +0.015    9.743    5.810    1.369  
     15   +3.962   +0.044    9.797    5.835    1.371  

  Top 5 head by |effect_drop|, per-template drop:
     head   overall       RR       NV     NP_S     NP_Z    COORD
    ------------------------------------------------------------
     base    +0.000   +0.000   +0.000   +0.000   +0.000   +0.000      (baseline per-template: RR=+2.29, NV=+5.52, NP_S=+1.69, NP_Z=+6.22, COORD=+5.44)
       10    -0.059   -0.196   -0.005   +0.035   +0.019   -0.100
       15    +0.044   +0.182   -0.024   -0.020   -0.010   -0.001
        9    -0.030   -0.100   +0.015   -0.006   -0.004   -0.017
       12    +0.025   +0.062   -0.028   +0.019   -0.001   +0.078
        3    -0.023   -0.034   -0.024   -0.012   +0.002   -0.062

Saved → /Users/lucamattiazzi/Developer/garden_path_sentences/gemma3_12b/logs/03_head_sweep_L0.json

Elapsed: 559.0s
