=== 03_head_sweep_L26 ===
device = mps
model  = google/gemma-3-12b-pt (dtype=bfloat16)

  loading google/gemma-3-12b-pt (dtype=bfloat16) ...
  loaded in 6.0s
  layer 26: ablating each of 16 heads individually
  baseline (no ablation) ...
  layer        Δ     drop    s_gps   s_norm   s_ctrl  bar
   base   +3.919   +0.000    9.728    5.809    1.370  
      0   +3.887   -0.032    9.688    5.801    1.357  
      1   +3.931   +0.012    9.727    5.797    1.370  
      2   +3.917   -0.001    9.740    5.823    1.358  
      3   +3.884   -0.035    9.693    5.809    1.391  
      4   +3.983   +0.064    9.800    5.817    1.412  
      5   +3.871   -0.047    9.706    5.835    1.398  
      6   +3.922   +0.004    9.730    5.808    1.391  
      7   +3.825   -0.094    9.675    5.850    1.361  
      8   +4.026   +0.108    9.860    5.834    1.400  
      9   +3.704   -0.214    9.488    5.783    1.382  █
     10   +3.906   -0.013    9.703    5.797    1.364  
     11   +3.925   +0.007    9.726    5.801    1.383  
     12   +3.930   +0.011    9.760    5.830    1.369  
     13   +3.895   -0.023    9.752    5.856    1.330  
     14   +3.912   -0.007    9.732    5.820    1.382  
     15   +3.915   -0.004    9.732    5.817    1.378  

  Top 5 head by |effect_drop|, per-template drop:
     head   overall       RR       NV     NP_S     NP_Z    COORD
    ------------------------------------------------------------
     base    +0.000   +0.000   +0.000   +0.000   +0.000   +0.000      (baseline per-template: RR=+2.29, NV=+5.52, NP_S=+1.69, NP_Z=+6.22, COORD=+5.44)
        9    -0.214   +0.032   +0.024   -0.169   -0.832   -0.285
        8    +0.108   +0.028   +0.070   +0.200   +0.202   +0.049
        7    -0.094   -0.243   -0.003   -0.049   +0.076   -0.255
        4    +0.064   +0.057   +0.099   +0.053   -0.007   +0.180
        5    -0.047   -0.080   -0.005   +0.004   -0.053   -0.129

Saved → /Users/lucamattiazzi/Developer/garden_path_sentences/gemma3_12b/logs/03_head_sweep_L26.json

Elapsed: 548.2s
