=== 05_predict_layer_sweep ===
device = mps
model  = google/gemma-3-12b-pt (dtype=bfloat16)

  loading google/gemma-3-12b-pt (dtype=bfloat16) ...
  loaded in 6.2s
  architecture: 48 layers, 16 heads, head_dim=256
  baseline (no ablation) ...
   lyr   vc_gps     +gps  vc_norm    +norm     Δ_vc       +Δ     ctrl    +ctrl  bar
  base    5.865   +0.000    4.346   +0.000   +1.519   +0.000    1.370   +0.000  
     0    7.604   +1.738    5.681   +1.335   +1.922   +0.403    1.297   -0.073  ███████████████████████████
     1    5.654   -0.211    4.157   -0.189   +1.497   -0.023    1.350   -0.020  
     2    5.674   -0.191    4.668   +0.322   +1.006   -0.513    1.532   +0.162  
     3    6.135   +0.270    4.214   -0.132   +1.921   +0.402    1.451   +0.081  ████
     4    5.456   -0.409    4.104   -0.242   +1.352   -0.167    1.252   -0.118  
     5    5.686   -0.179    4.333   -0.013   +1.353   -0.166    1.336   -0.035  
     6    6.066   +0.201    4.194   -0.152   +1.872   +0.353    1.397   +0.027  ███
     7    5.803   -0.062    4.295   -0.051   +1.508   -0.012    1.361   -0.009  
     8    5.938   +0.073    4.193   -0.153   +1.746   +0.227    1.287   -0.083  █
     9    5.936   +0.071    4.280   -0.066   +1.657   +0.137    1.341   -0.029  █
    10    5.989   +0.124    4.276   -0.070   +1.712   +0.193    1.374   +0.004  █
    11    5.848   -0.017    4.310   -0.036   +1.538   +0.019    1.349   -0.022  
    12    5.878   +0.013    4.293   -0.053   +1.585   +0.066    1.386   +0.016  
    13    5.944   +0.079    4.228   -0.118   +1.715   +0.196    1.288   -0.082  █
    14    5.980   +0.114    4.376   +0.030   +1.603   +0.084    1.353   -0.017  █
    15    5.922   +0.057    4.336   -0.010   +1.585   +0.066    1.431   +0.061  
    16    5.991   +0.126    4.417   +0.071   +1.574   +0.055    1.361   -0.009  ██
    17    5.906   +0.041    4.282   -0.064   +1.624   +0.105    1.344   -0.026  
    18    5.928   +0.063    4.498   +0.152   +1.430   -0.089    1.362   -0.008  █
    19    5.891   +0.025    4.398   +0.052   +1.493   -0.026    1.423   +0.052  
    20    5.964   +0.099    4.331   -0.015   +1.633   +0.114    1.387   +0.017  █
    21    5.914   +0.049    4.331   -0.015   +1.583   +0.063    1.379   +0.009  
    22    5.880   +0.015    4.319   -0.027   +1.562   +0.042    1.387   +0.017  
    23    5.941   +0.075    4.519   +0.173   +1.422   -0.097    1.421   +0.051  █
    24    5.930   +0.065    4.407   +0.061   +1.523   +0.004    1.451   +0.081  █
    25    5.881   +0.016    4.265   -0.081   +1.616   +0.097    1.334   -0.036  
    26    5.911   +0.046    4.395   +0.049   +1.515   -0.004    1.357   -0.013  
    27    5.821   -0.044    4.304   -0.042   +1.517   -0.002    1.432   +0.062  
    28    5.928   +0.063    4.441   +0.095   +1.487   -0.032    1.475   +0.105  █
    29    5.829   -0.036    4.510   +0.164   +1.319   -0.200    1.463   +0.092  
    30    5.916   +0.051    4.434   +0.088   +1.482   -0.037    1.445   +0.075  
    31    5.971   +0.106    4.469   +0.123   +1.502   -0.017    1.399   +0.029  █
    32    6.006   +0.141    4.370   +0.024   +1.636   +0.117    1.418   +0.048  ██
    33    6.244   +0.379    4.513   +0.167   +1.731   +0.212    1.524   +0.154  ██████
    34    5.998   +0.133    4.470   +0.124   +1.529   +0.010    1.479   +0.109  ██
    35    5.845   -0.020    4.405   +0.059   +1.441   -0.078    1.461   +0.091  
    36    5.983   +0.118    4.345   -0.000   +1.638   +0.119    1.385   +0.015  █
    37    5.917   +0.052    4.376   +0.030   +1.542   +0.022    1.389   +0.019  
    38    5.915   +0.050    4.327   -0.019   +1.587   +0.068    1.432   +0.062  
    39    5.925   +0.060    4.348   +0.002   +1.577   +0.058    1.388   +0.018  
    40    5.908   +0.043    4.373   +0.027   +1.536   +0.017    1.374   +0.004  
    41    5.836   -0.029    4.208   -0.138   +1.627   +0.108    1.502   +0.132  
    42    5.928   +0.063    4.388   +0.042   +1.540   +0.021    1.362   -0.008  █
    43    5.840   -0.025    4.342   -0.004   +1.497   -0.022    1.356   -0.014  
    44    5.900   +0.035    4.386   +0.040   +1.514   -0.005    1.392   +0.022  
    45    5.899   +0.033    4.354   +0.008   +1.545   +0.026    1.368   -0.002  
    46    5.875   +0.010    4.381   +0.035   +1.495   -0.024    1.415   +0.045  
    47    5.902   +0.037    4.377   +0.031   +1.526   +0.007    1.461   +0.091  

  Top 10 layer by vc_gps_inflation (selectivity = vc_gps - ctrl):
    layer   +vc_gps   +vc_delta     +ctrl   selectivity
    ----------------------------------------------------
        0    +1.738      +0.403    -0.073        +1.811
       33    +0.379      +0.212    +0.154        +0.225
        3    +0.270      +0.402    +0.081        +0.189
        6    +0.201      +0.353    +0.027        +0.174
       32    +0.141      +0.117    +0.048        +0.094
       34    +0.133      +0.010    +0.109        +0.024
       16    +0.126      +0.055    -0.009        +0.136
       10    +0.124      +0.193    +0.004        +0.119
       36    +0.118      +0.119    +0.015        +0.103
       14    +0.114      +0.084    -0.017        +0.131

Saved → /Users/lucamattiazzi/Developer/garden_path_sentences/gemma3_12b/logs/05_predict_layer_sweep.json

Elapsed: 370.5s
