=== 06_predict_head_sweep_L33 ===
device = cuda
model  = google/gemma-3-12b-pt (dtype=bfloat16)

  loading google/gemma-3-12b-pt (dtype=bfloat16) ...
  loaded in 8.9s
  layer 33: ablating each of 16 heads individually
  baseline (no ablation) ...
   lyr   vc_gps     +gps  vc_norm    +norm     Δ_vc       +Δ     ctrl    +ctrl  bar
  base    5.870   +0.000    4.333   +0.000   +1.536   +0.000    1.373   +0.000  
     0    5.864   -0.005    4.374   +0.041   +1.490   -0.046    1.370   -0.003  
     1    5.823   -0.046    4.320   -0.014   +1.503   -0.033    1.378   +0.006  
     2    5.917   +0.047    4.364   +0.030   +1.553   +0.017    1.363   -0.009  
     3    5.870   -0.000    4.306   -0.027   +1.564   +0.027    1.380   +0.008  
     4    5.858   -0.012    4.423   +0.090   +1.435   -0.101    1.351   -0.022  
     5    5.889   +0.019    4.364   +0.030   +1.525   -0.011    1.376   +0.003  
     6    5.886   +0.017    4.293   -0.041   +1.594   +0.058    1.366   -0.006  
     7    5.865   -0.004    4.339   +0.006   +1.526   -0.010    1.381   +0.008  
     8    5.856   -0.013    4.353   +0.020   +1.503   -0.033    1.364   -0.009  
     9    5.857   -0.013    4.364   +0.030   +1.493   -0.043    1.372   -0.000  
    10    5.872   +0.002    4.338   +0.005   +1.533   -0.003    1.383   +0.010  
    11    5.894   +0.024    4.378   +0.045   +1.516   -0.020    1.375   +0.002  
    12    6.006   +0.137    4.411   +0.077   +1.595   +0.059    1.365   -0.008  ██
    13    5.893   +0.024    4.349   +0.016   +1.544   +0.008    1.392   +0.019  
    14    5.875   +0.006    4.329   -0.005   +1.547   +0.011    1.369   -0.004  
    15    5.868   -0.002    4.370   +0.037   +1.498   -0.038    1.357   -0.015  

  Top 10 head by vc_gps_inflation (selectivity = vc_gps - ctrl):
     head   +vc_gps   +vc_delta     +ctrl   selectivity
    ----------------------------------------------------
       12    +0.137      +0.059    -0.008        +0.145
        2    +0.047      +0.017    -0.009        +0.056
       11    +0.024      -0.020    +0.002        +0.022
       13    +0.024      +0.008    +0.019        +0.005
        5    +0.019      -0.011    +0.003        +0.016
        6    +0.017      +0.058    -0.006        +0.023
       14    +0.006      +0.011    -0.004        +0.009
       10    +0.002      -0.003    +0.010        -0.008
        3    -0.000      +0.027    +0.008        -0.008
       15    -0.002      -0.038    -0.015        +0.014

Saved → /app/gemma3_12b/logs/06_predict_head_sweep_L33.json

Elapsed: 35.5s
