=== 06_predict_head_sweep_L0 ===
device = cuda
model  = google/gemma-3-12b-pt (dtype=bfloat16)

  loading google/gemma-3-12b-pt (dtype=bfloat16) ...
  loaded in 84.2s
  layer 0: ablating each of 16 heads individually
  baseline (no ablation) ...
   lyr   vc_gps     +gps  vc_norm    +norm     Δ_vc       +Δ     ctrl    +ctrl  bar
  base    5.870   +0.000    4.333   +0.000   +1.536   +0.000    1.373   +0.000  
     0    5.870   +0.001    4.342   +0.008   +1.529   -0.008    1.372   -0.000  
     1    5.904   +0.034    4.334   +0.000   +1.570   +0.034    1.367   -0.005  
     2    5.916   +0.047    4.335   +0.001   +1.581   +0.045    1.386   +0.013  
     3    5.872   +0.002    4.350   +0.016   +1.522   -0.014    1.373   +0.001  
     4    5.803   -0.067    4.359   +0.026   +1.443   -0.093    1.394   +0.022  
     5    5.859   -0.011    4.327   -0.007   +1.532   -0.004    1.369   -0.003  
     6    5.821   -0.049    4.338   +0.005   +1.483   -0.053    1.375   +0.003  
     7    5.856   -0.013    4.315   -0.019   +1.541   +0.005    1.380   +0.007  
     8    5.841   -0.029    4.336   +0.003   +1.504   -0.032    1.372   -0.001  
     9    5.835   -0.034    4.325   -0.008   +1.510   -0.026    1.385   +0.012  
    10    5.874   +0.004    4.371   +0.038   +1.503   -0.034    1.327   -0.046  
    11    5.863   -0.007    4.326   -0.007   +1.537   +0.001    1.381   +0.009  
    12    5.937   +0.067    4.338   +0.005   +1.599   +0.062    1.351   -0.021  █
    13    5.907   +0.037    4.336   +0.003   +1.571   +0.034    1.366   -0.007  
    14    5.901   +0.031    4.349   +0.015   +1.552   +0.016    1.370   -0.002  
    15    5.858   -0.012    4.315   -0.018   +1.543   +0.006    1.372   -0.001  

  Top 10 head by vc_gps_inflation (selectivity = vc_gps - ctrl):
     head   +vc_gps   +vc_delta     +ctrl   selectivity
    ----------------------------------------------------
       12    +0.067      +0.062    -0.021        +0.089
        2    +0.047      +0.045    +0.013        +0.033
       13    +0.037      +0.034    -0.007        +0.044
        1    +0.034      +0.034    -0.005        +0.040
       14    +0.031      +0.016    -0.002        +0.033
       10    +0.004      -0.034    -0.046        +0.050
        3    +0.002      -0.014    +0.001        +0.002
        0    +0.001      -0.008    -0.000        +0.001
       11    -0.007      +0.001    +0.009        -0.015
        5    -0.011      -0.004    -0.003        -0.007

Saved → /app/gemma3_12b/logs/06_predict_head_sweep_L0.json

Elapsed: 35.2s
