=== 07_lexical_baseline ===
device = mps
model  = google/gemma-3-12b-pt (dtype=bfloat16)

  loading google/gemma-3-12b-pt (dtype=bfloat16) ...
  loaded in 6.3s
Lexical baseline probe on the CANONICAL NV pairs.

  CANONICAL NV pairs (n=10):
    s_full     = 5.865
    s_stripped = 6.084
    s_anchor   = 10.103
    full − stripped = -0.219   95% CI [-1.018, +0.675]

     id  v_amb       vc             s_full  s_strip   s_anch  full-strip
    --------------------------------------------------------------------
     16  man         boat            7.090    8.926    7.128      -1.836
     17  captain     ship            5.166    3.023    7.503      +2.143
     18  guard       gate            3.070    3.625    8.566      -0.555
     19  bank        savings         3.937    3.490    8.552      +0.447
     20  nurse       children        5.697    3.628    4.628      +2.069
     21  bear        storm           7.204    8.047   12.066      -0.843
     22  school      kids            2.311    3.554   12.614      -1.243
     23  dog         trails         13.678   14.997   13.066      -1.319
     24  rule        seas            4.563    4.170   13.691      +0.393
     25  fish        survival        5.935    7.381   13.217      -1.446


Saved → /Users/lucamattiazzi/Developer/garden_path_sentences/gemma3_12b/logs/07_lexical_baseline.json

Elapsed: 7.8s
