=== 13_null_distribution ===
device = mps
model  = google/gemma-3-12b-pt (dtype=bfloat16)

  loading google/gemma-3-12b-pt (dtype=bfloat16) ...
  loaded in 6.2s
  baselines (no ablation, NV pairs) ...
  sampling 60 random heads ...
        head   nv_drop   +vc_gps     +ctrl    select
    ------------------------------------------------
    L34.H5      +0.015    -0.004    +0.004    -0.008
    L 2.H15     -0.030    -0.024    -0.014    -0.010
    L12.H14     +0.018    -0.011    -0.012    +0.001
    L17.H4      -0.012    +0.004    -0.004    +0.008
    L32.H14     -0.022    -0.006    -0.010    +0.004
    L36.H14     +0.017    -0.005    +0.011    -0.016
    L38.H2      -0.010    +0.006    +0.008    -0.002
    L19.H4      +0.011    +0.003    -0.006    +0.009
    L46.H1      +0.038    +0.170    +0.041    +0.130
    L22.H12     +0.012    +0.029    +0.004    +0.024
    L45.H11     -0.018    -0.001    +0.010    -0.011
    L39.H15     -0.008    -0.020    +0.003    -0.023
    L 9.H0      -0.026    +0.051    +0.021    +0.030
    L18.H7      -0.012    -0.004    -0.007    +0.003
    L43.H14     -0.032    -0.007    -0.001    -0.007
    L33.H2      +0.019    +0.064    +0.001    +0.063
    L 3.H15     +0.025    -0.012    -0.022    +0.011
    L 3.H3      +0.002    +0.081    +0.015    +0.066
    L25.H11     +0.028    -0.004    +0.013    -0.017
    L23.H4      -0.026    +0.011    -0.023    +0.034
    L29.H1      -0.040    +0.036    +0.005    +0.031
    L35.H10     +0.047    +0.045    -0.017    +0.062
    L35.H9      -0.006    -0.002    +0.006    -0.008
    L38.H5      +0.001    +0.001    -0.007    +0.008
    L31.H3      +0.027    -0.040    +0.007    -0.047
    L 7.H11     -0.112    +0.000    +0.016    -0.016
    L 4.H4      +0.044    +0.012    -0.001    +0.013
    L25.H1      -0.057    +0.017    +0.008    +0.009
    L35.H8      -0.003    +0.009    -0.001    +0.010
    L45.H1      +0.019    +0.024    -0.001    +0.025
    L29.H8      +0.064    -0.037    -0.014    -0.023
    L41.H3      +0.013    -0.011    -0.004    -0.007
    L23.H10     -0.008    +0.017    -0.002    +0.019
    L 9.H3      +0.036    +0.023    -0.006    +0.029
    L35.H12     +0.025    +0.009    +0.002    +0.007
    L42.H3      +0.006    +0.023    +0.002    +0.021
    L20.H12     -0.000    -0.001    +0.012    -0.014
    L21.H0      -0.020    -0.016    -0.004    -0.012
    L23.H11     +0.036    -0.012    +0.004    -0.016
    L38.H9      +0.006    +0.008    +0.000    +0.007
    L37.H13     +0.025    +0.005    +0.001    +0.003
    L36.H0      +0.019    +0.008    -0.001    +0.010
    L22.H3      -0.025    +0.020    -0.003    +0.023
    L32.H6      +0.027    +0.019    -0.003    +0.022
    L 7.H6      +0.023    +0.016    +0.016    -0.000
    L10.H8      +0.005    -0.001    +0.008    -0.009
    L 3.H13     -0.024    -0.004    -0.023    +0.019
    L 8.H5      +0.021    +0.018    -0.030    +0.048
    L 4.H3      -0.018    +0.021    +0.012    +0.010
    L46.H11     +0.002    -0.065    +0.003    -0.068
    L26.H2      -0.022    +0.011    -0.012    +0.023
    L19.H8      +0.001    +0.037    -0.001    +0.038
    L20.H7      -0.006    +0.032    +0.007    +0.025
    L32.H1      -0.010    -0.008    +0.016    -0.024
    L 5.H13     -0.000    +0.014    -0.007    +0.021
    L42.H6      +0.013    +0.015    +0.016    -0.001
    L32.H12     +0.001    +0.002    -0.006    +0.008
    L16.H14     +0.030    +0.027    +0.008    +0.019
    L16.H10     -0.001    +0.003    -0.027    +0.030
    L 2.H1      +0.011    +0.014    +0.006    +0.008

  Null percentiles:
    nv_effect_drop      p5=-0.032  p50=+0.002  p95=+0.038  |.|p95=0.047  |.|max=0.112
    vc_gps_inflation    p5=-0.024  p50=+0.007  p95=+0.051  |.|p95=0.064  |.|max=0.170
    selectivity         p5=-0.023  p50=+0.008  p95=+0.062  |.|p95=0.064  |.|max=0.130

Saved → /Users/lucamattiazzi/Developer/garden_path_sentences/gemma3_12b/logs/13_null_distribution.json

Elapsed: 895.2s
