=== 14_null_distribution_vc ===
device = cuda
model  = google/gemma-3-12b-pt (dtype=bfloat16)

  loading google/gemma-3-12b-pt (dtype=bfloat16) ...
  loaded in 23.6s
  baseline (no ablation, NV pairs) ...
  sampling 300 random heads (vc metric only) ...
        head   +vc_gps  +vc_delta     +ctrl    select
    --------------------------------------------------
    L22.H15     -0.045     -0.061    -0.004    -0.041
    L10.H5      -0.009     +0.029    +0.014    -0.023
    L26.H12     +0.015     +0.011    +0.021    -0.005
    L36.H13     +0.003     -0.002    +0.001    +0.002
    L 7.H11     -0.035     -0.013    -0.002    -0.034
    L42.H3      +0.035     +0.026    +0.023    +0.013
    L21.H15     +0.006     -0.010    +0.012    -0.006
    L14.H4      +0.001     -0.008    +0.018    -0.017
    L 5.H13     +0.031     +0.039    -0.005    +0.036
    L40.H3      +0.011     +0.010    +0.011    -0.000
    L37.H5      +0.008     +0.022    +0.005    +0.003
    L35.H7      +0.003     +0.002    +0.001    +0.002
    L11.H7      -0.003     -0.019    -0.025    +0.022
    L24.H6      -0.021     +0.004    +0.021    -0.042
    L38.H5      +0.012     +0.000    -0.009    +0.021
    L36.H4      +0.010     -0.000    -0.013    +0.023
    L30.H2      +0.005     +0.018    +0.021    -0.016
    L28.H14     +0.032     -0.002    -0.009    +0.041
    L 9.H3      +0.015     +0.029    -0.003    +0.018
    L11.H3      -0.017     -0.008    +0.018    -0.036
    L18.H6      +0.004     -0.047    -0.014    +0.018
    L28.H1      +0.038     +0.028    +0.016    +0.022
    L 8.H4      -0.008     -0.003    -0.001    -0.007
    L12.H5      +0.037     +0.023    +0.003    +0.034
    L26.H3      +0.183     +0.101    +0.023    +0.160
    L 9.H15     -0.030     -0.024    -0.017    -0.013
    L45.H14     -0.002     +0.012    +0.016    -0.018
    L25.H4      +0.031     -0.013    -0.046    +0.077
    L40.H8      +0.009     +0.003    +0.021    -0.011
    L28.H8      +0.006     +0.028    +0.012    -0.007
    L 7.H0      +0.061     +0.091    -0.020    +0.081
    L 6.H0      -0.036     -0.066    -0.008    -0.028
    L39.H4      +0.018     +0.006    -0.000    +0.018
    L22.H14     +0.013     +0.035    +0.010    +0.003
    L15.H1      +0.018     +0.013    -0.003    +0.021
    L41.H3      -0.011     -0.007    -0.005    -0.006
    L44.H12     +0.016     +0.005    +0.002    +0.014
    L13.H2      -0.069     -0.036    -0.013    -0.056
    L 6.H11     +0.009     -0.012    +0.005    +0.004
    L36.H12     +0.004     -0.023    +0.020    -0.016
    L37.H10     +0.008     +0.026    -0.005    +0.013
    L15.H11     +0.030     +0.002    +0.029    +0.001
    L39.H3      +0.005     -0.018    +0.009    -0.003
    L 7.H6      +0.003     -0.003    +0.009    -0.006
    L44.H6      -0.003     -0.001    -0.006    +0.002
    L44.H15     -0.042     -0.044    -0.017    -0.024
    L 2.H9      -0.004     -0.013    -0.008    +0.004
    L29.H13     +0.031     +0.028    -0.002    +0.033
    L38.H1      -0.011     +0.006    +0.000    -0.011
    L 6.H10     +0.024     +0.031    -0.014    +0.038
    L46.H0      -0.050     -0.030    -0.010    -0.040
    L11.H14     -0.009     -0.009    -0.014    +0.004
    L38.H11     +0.027     +0.008    -0.012    +0.039
    L 1.H2      -0.019     -0.025    +0.006    -0.025
    L16.H15     -0.022     -0.056    +0.004    -0.026
    L16.H2      +0.002     +0.014    +0.016    -0.014
    L40.H13     +0.014     +0.027    +0.004    +0.010
    L46.H2      +0.018     +0.031    -0.009    +0.027
    L18.H10     -0.002     -0.019    -0.000    -0.001
    L47.H13     -0.018     +0.045    +0.018    -0.035
    L40.H1      +0.015     +0.017    +0.002    +0.014
    L30.H0      +0.019     +0.018    +0.000    +0.018
    L 8.H9      +0.002     +0.017    -0.005    +0.006
    L20.H8      +0.018     +0.025    -0.002    +0.020
    L39.H7      -0.009     +0.001    +0.020    -0.028
    L21.H8      +0.017     -0.005    +0.016    +0.001
    L13.H13     -0.007     -0.020    -0.015    +0.008
    L45.H5      -0.000     +0.017    -0.002    +0.002
    L37.H3      -0.009     -0.022    -0.011    +0.002
    L 3.H7      -0.029     -0.044    -0.004    -0.025
    L29.H5      +0.006     +0.012    +0.017    -0.011
    L42.H6      -0.008     +0.004    +0.017    -0.025
    L46.H10     +0.053     +0.047    +0.004    +0.049
    L20.H1      +0.010     +0.036    -0.019    +0.029
    L35.H3      +0.005     -0.025    +0.000    +0.004
    L36.H10     +0.001     -0.006    +0.001    +0.000
    L45.H15     -0.005     -0.002    -0.001    -0.003
    L34.H6      +0.002     -0.023    -0.003    +0.004
    L11.H12     -0.006     -0.005    +0.004    -0.010
    L46.H9      +0.023     +0.013    +0.017    +0.006
    L11.H5      -0.021     -0.045    +0.012    -0.034
    L18.H15     +0.005     +0.012    +0.015    -0.009
    L24.H7      -0.002     +0.001    +0.008    -0.010
    L32.H3      +0.010     +0.003    -0.040    +0.050
    L17.H12     -0.019     -0.050    -0.019    -0.000
    L13.H12     +0.023     +0.032    -0.015    +0.038
    L29.H15     -0.000     -0.004    +0.019    -0.019
    L32.H2      +0.028     +0.024    +0.006    +0.022
    L15.H3      +0.036     +0.036    -0.009    +0.044
    L19.H7      -0.017     -0.001    -0.020    +0.003
    L 6.H7      -0.009     -0.022    -0.009    -0.000
    L37.H6      +0.005     -0.003    +0.008    -0.003
    L30.H6      +0.027     +0.027    +0.015    +0.013
    L42.H7      -0.011     +0.008    +0.016    -0.027
    L46.H7      +0.003     -0.019    -0.021    +0.024
    L43.H2      +0.047     +0.007    -0.000    +0.047
    L43.H4      +0.005     +0.019    +0.017    -0.012
    L32.H12     +0.010     +0.014    -0.013    +0.023
    L14.H13     -0.009     -0.012    -0.005    -0.004
    L23.H5      +0.014     -0.009    +0.009    +0.005
    L22.H13     -0.001     -0.042    -0.036    +0.035
    L24.H15     -0.010     -0.030    -0.042    +0.032
    L36.H15     +0.028     +0.027    +0.004    +0.024
    L46.H5      -0.056     -0.051    +0.003    -0.060
    L44.H5      -0.015     +0.005    +0.015    -0.030
    L18.H12     +0.031     +0.036    -0.022    +0.053
    L 1.H4      -0.022     -0.037    +0.012    -0.034
    L30.H8      +0.035     +0.012    +0.003    +0.032
    L26.H8      -0.024     -0.001    +0.022    -0.045
    L21.H12     +0.004     +0.025    +0.013    -0.009
    L28.H2      +0.063     +0.032    -0.001    +0.064
    L33.H6      +0.017     +0.058    -0.006    +0.023
    L21.H5      -0.019     -0.037    +0.035    -0.054
    L17.H4      +0.012     +0.017    +0.008    +0.004
    L35.H6      -0.008     -0.007    +0.011    -0.020
    L23.H0      +0.011     -0.003    -0.004    +0.015
    L42.H15     -0.006     +0.016    +0.004    -0.010
    L43.H0      -0.013     -0.022    +0.010    -0.022
    L31.H0      +0.048     +0.008    +0.011    +0.036
    L32.H13     +0.014     -0.029    +0.018    -0.004
    L44.H1      +0.045     +0.020    +0.002    +0.043
    L26.H0      -0.005     +0.003    -0.034    +0.029
    L 0.H9      -0.034     -0.026    +0.012    -0.046
    L15.H4      -0.015     -0.030    -0.007    -0.008
    L20.H5      +0.022     -0.041    -0.003    +0.026
    L15.H12     +0.023     +0.022    -0.015    +0.039
    L 8.H3      -0.023     -0.053    +0.020    -0.043
    L31.H11     -0.009     -0.016    +0.010    -0.019
    L12.H10     +0.024     +0.014    +0.001    +0.023
    L43.H13     +0.024     +0.023    +0.013    +0.011
    L 0.H7      -0.013     +0.005    +0.007    -0.021
    L17.H3      +0.004     -0.038    +0.011    -0.007
    L 4.H0      -0.017     -0.015    +0.020    -0.037
    L28.H3      +0.002     -0.005    -0.032    +0.033
    L10.H1      -0.025     -0.044    +0.011    -0.036
    L47.H10     +0.014     -0.019    -0.001    +0.015
    L20.H2      -0.024     -0.014    +0.009    -0.034
    L26.H4      -0.003     -0.019    +0.048    -0.051
    L33.H14     +0.006     +0.011    -0.004    +0.009
    L38.H3      +0.004     -0.029    -0.010    +0.013
    L22.H10     -0.003     -0.006    +0.004    -0.007
    L22.H11     +0.009     +0.002    +0.003    +0.005
    L40.H11     +0.013     -0.039    +0.002    +0.011
    L36.H14     +0.004     -0.003    +0.021    -0.017
    L18.H5      +0.019     +0.011    +0.027    -0.008
    L 1.H1      -0.016     +0.003    +0.000    -0.017
    L 6.H1      -0.048     -0.050    +0.024    -0.072
    L13.H3      +0.006     -0.011    -0.004    +0.011
    L39.H11     +0.017     +0.024    +0.013    +0.004
    L39.H12     -0.016     -0.021    -0.008    -0.008
    L 1.H13     -0.001     +0.030    +0.014    -0.015
    L33.H2      +0.047     +0.017    -0.009    +0.056
    L20.H15     -0.055     +0.003    -0.023    -0.032
    L24.H14     -0.013     -0.025    +0.005    -0.018
    L45.H7      +0.010     +0.012    +0.018    -0.009
    L 0.H15     -0.012     +0.006    -0.001    -0.011
    L10.H6      -0.008     -0.017    +0.002    -0.011
    L40.H9      +0.019     +0.008    +0.016    +0.003
    L42.H9      +0.019     +0.009    +0.019    -0.000
    L41.H8      -0.016     +0.002    +0.009    -0.025
    L41.H1      +0.010     +0.005    +0.001    +0.009
    L18.H13     -0.023     +0.030    -0.004    -0.019
    L15.H9      -0.056     -0.054    -0.009    -0.047
    L41.H4      +0.014     +0.012    +0.021    -0.006
    L11.H9      +0.007     -0.022    +0.019    -0.012
    L34.H2      +0.012     -0.014    +0.005    +0.008
    L31.H4      -0.093     -0.130    +0.023    -0.116
    L 4.H11     -0.006     +0.007    -0.016    +0.010
    L29.H4      +0.011     -0.002    +0.015    -0.003
    L26.H5      +0.060     +0.084    +0.025    +0.035
    L25.H8      -0.037     +0.007    +0.013    -0.050
    L19.H10     +0.011     +0.019    -0.007    +0.018
    L39.H14     +0.015     +0.006    -0.005    +0.020
    L 1.H12     +0.007     -0.014    -0.008    +0.015
    L31.H12     -0.004     -0.031    +0.008    -0.012
    L 8.H10     -0.039     -0.040    -0.014    -0.025
    L12.H7      -0.053     -0.046    -0.014    -0.039
    L10.H0      +0.000     -0.010    +0.020    -0.020
    L20.H3      +0.046     -0.029    +0.016    +0.031
    L25.H7      -0.075     -0.157    -0.054    -0.021
    L 9.H2      -0.008     +0.016    -0.029    +0.022
    L31.H5      +0.167     +0.119    -0.018    +0.185
    L23.H1      -0.006     +0.001    +0.003    -0.009
    L36.H2      -0.001     +0.003    +0.002    -0.003
    L 5.H11     -0.032     -0.038    -0.002    -0.030
    L33.H0      -0.005     -0.046    -0.003    -0.002
    L 3.H15     -0.017     -0.010    +0.003    -0.020
    L33.H11     +0.024     -0.020    +0.002    +0.022
    L41.H7      -0.012     -0.038    +0.042    -0.054
    L45.H13     +0.014     -0.008    +0.016    -0.002
    L19.H3      +0.012     +0.019    +0.006    +0.006
    L39.H15     -0.003     -0.006    +0.029    -0.032
    L14.H12     -0.007     +0.000    +0.019    -0.026
    L42.H4      +0.012     +0.027    -0.017    +0.029
    L35.H13     +0.003     -0.010    +0.017    -0.014
    L 8.H6      +0.011     -0.016    -0.014    +0.025
    L22.H0      +0.014     +0.022    -0.002    +0.016
    L 4.H10     -0.012     -0.030    +0.012    -0.023
    L31.H3      -0.020     +0.002    -0.008    -0.012
    L38.H6      -0.009     +0.007    +0.012    -0.021
    L32.H14     -0.005     +0.007    -0.017    +0.011
    L14.H7      +0.003     +0.029    +0.016    -0.014
    L17.H8      +0.008     +0.004    -0.002    +0.010
    L10.H14     -0.075     -0.083    +0.011    -0.086
    L12.H1      -0.035     -0.018    +0.037    -0.072
    L34.H13     +0.018     -0.018    +0.023    -0.005
    L36.H1      -0.005     -0.019    -0.002    -0.004
    L14.H3      +0.001     -0.018    -0.002    +0.004
    L33.H5      +0.019     -0.011    +0.003    +0.016
    L40.H6      +0.023     +0.021    +0.003    +0.019
    L40.H5      -0.005     -0.000    +0.011    -0.016
    L34.H15     +0.008     +0.006    +0.014    -0.006
    L42.H12     +0.012     -0.016    -0.003    +0.016
    L25.H10     +0.022     +0.001    -0.006    +0.028
    L41.H12     +0.005     +0.013    +0.017    -0.012
    L 3.H3      +0.084     +0.119    -0.001    +0.085
    L 7.H3      -0.013     -0.019    +0.000    -0.013
    L27.H13     +0.011     +0.017    +0.006    +0.005
    L16.H14     +0.018     -0.030    -0.009    +0.027
    L16.H8      +0.011     -0.042    -0.014    +0.025
    L22.H9      -0.009     -0.020    +0.018    -0.027
    L28.H0      +0.001     +0.021    +0.032    -0.031
    L 0.H2      +0.047     +0.045    +0.013    +0.033
    L43.H8      +0.015     +0.027    +0.006    +0.009
    L 9.H11     -0.010     -0.015    -0.018    +0.008
    L22.H8      +0.008     +0.002    +0.016    -0.008
    L40.H12     -0.002     -0.006    +0.003    -0.004
    L41.H14     +0.007     +0.024    +0.012    -0.005
    L35.H1      -0.009     -0.027    +0.020    -0.029
    L 2.H14     -0.018     -0.038    +0.006    -0.024
    L19.H2      +0.050     +0.007    -0.018    +0.068
    L 6.H8      -0.015     +0.004    -0.010    -0.005
    L10.H3      +0.015     +0.016    -0.012    +0.026
    L38.H9      +0.010     +0.005    +0.007    +0.002
    L14.H9      -0.001     -0.032    -0.000    -0.001
    L46.H13     +0.023     +0.012    -0.012    +0.035
    L35.H2      +0.028     +0.003    +0.008    +0.020
    L14.H15     -0.003     -0.022    +0.021    -0.023
    L29.H3      +0.005     +0.008    +0.017    -0.012
    L17.H0      +0.009     +0.005    -0.006    +0.015
    L40.H15     -0.014     -0.009    +0.008    -0.022
    L37.H13     +0.010     -0.014    +0.018    -0.007
    L33.H15     -0.002     -0.038    -0.015    +0.014
    L31.H6      +0.029     +0.017    -0.016    +0.045
    L12.H12     +0.006     -0.001    +0.029    -0.023
    L11.H6      +0.014     +0.082    +0.026    -0.013
    L27.H15     -0.013     -0.036    +0.004    -0.016
    L18.H14     +0.010     -0.009    +0.019    -0.008
    L27.H12     -0.031     -0.036    +0.027    -0.059
    L19.H4      +0.001     +0.007    +0.007    -0.006
    L34.H5      +0.001     -0.007    +0.006    -0.005
    L15.H7      +0.028     -0.007    -0.002    +0.030
    L 7.H7      -0.026     +0.032    +0.053    -0.079
    L 1.H14     -0.001     +0.018    +0.014    -0.016
    L 4.H7      -0.037     -0.042    +0.015    -0.052
    L 4.H2      +0.006     +0.007    +0.001    +0.005
    L 6.H3      -0.002     +0.006    +0.008    -0.009
    L23.H10     -0.020     -0.017    +0.008    -0.028
    L13.H10     +0.002     +0.010    -0.016    +0.018
    L27.H6      +0.036     +0.005    -0.005    +0.041
    L19.H0      +0.002     -0.000    -0.012    +0.014
    L30.H3      +0.046     +0.004    +0.013    +0.033
    L 3.H13     -0.001     +0.001    -0.004    +0.003
    L26.H2      +0.003     -0.015    -0.016    +0.019
    L 9.H4      +0.003     -0.012    +0.037    -0.034
    L17.H2      -0.003     +0.009    -0.004    +0.001
    L34.H12     +0.049     +0.034    +0.003    +0.046
    L44.H9      +0.003     +0.016    -0.013    +0.015
    L24.H9      -0.084     -0.119    +0.080    -0.164
    L11.H4      +0.003     +0.002    +0.003    +0.001
    L 1.H11     -0.012     +0.004    +0.004    -0.015
    L21.H2      -0.013     -0.042    +0.003    -0.016
    L 5.H7      -0.017     -0.006    +0.005    -0.022
    L11.H13     -0.017     -0.006    +0.006    -0.022
    L14.H1      +0.023     +0.036    -0.002    +0.026
    L 1.H8      +0.003     -0.002    -0.006    +0.009
    L 4.H9      -0.045     -0.033    +0.004    -0.050
    L35.H4      -0.014     -0.012    -0.004    -0.010
    L28.H15     +0.009     -0.013    +0.020    -0.011
    L40.H2      +0.013     +0.021    +0.008    +0.005
    L 8.H14     -0.021     -0.050    -0.000    -0.021
    L12.H3      +0.015     +0.039    -0.021    +0.036
    L44.H3      -0.011     -0.010    +0.013    -0.024
    L13.H8      -0.007     -0.011    +0.023    -0.030
    L30.H4      -0.016     -0.029    -0.022    +0.007
    L 7.H1      +0.042     +0.064    +0.006    +0.036
    L38.H14     -0.026     -0.052    -0.016    -0.010
    L15.H2      -0.008     -0.016    -0.002    -0.006
    L37.H14     +0.007     +0.005    -0.005    +0.013
    L31.H13     +0.004     -0.006    +0.004    -0.000
    L41.H0      +0.007     +0.013    +0.024    -0.016
    L32.H11     -0.041     -0.015    +0.020    -0.061
    L24.H0      -0.030     -0.054    -0.020    -0.010
    L30.H15     +0.026     +0.019    -0.015    +0.041
    L32.H4      +0.009     +0.010    +0.005    +0.005
    L 7.H15     +0.013     +0.015    -0.010    +0.023
    L 4.H4      +0.031     +0.021    -0.010    +0.041
    L24.H1      +0.076     +0.060    +0.056    +0.019
    L26.H14     +0.005     -0.006    +0.012    -0.006
    L45.H10     +0.000     +0.010    +0.015    -0.015

  Null percentiles (single head):
    vc_gps_inflation      p5=-0.039  p50=+0.003  p95=+0.046  p99=+0.076  |.|max=0.183
    vc_delta_inflation    p5=-0.047  p50=+0.000  p95=+0.036  p99=+0.091  |.|max=0.157
    selectivity           p5=-0.050  p50=-0.002  p95=+0.043  p99=+0.081  |.|max=0.185

  Selection-corrected: null max(vc_gps_inflation) over K random heads:
    K= 16  p50=+0.047  p90=+0.167  p95=+0.183  p99=+0.183
    K= 32  p50=+0.060  p90=+0.167  p95=+0.183  p99=+0.183

Saved → /app/gemma3_12b/logs/14_null_distribution_vc.json

Elapsed: 654.9s
