=== 02_layer_sweep ===
device = cuda
model  = google/gemma-3-27b-pt (dtype=bfloat16)

  loading google/gemma-3-27b-pt (dtype=bfloat16) ...
  loaded in 17.1s
  architecture: 62 layers, 32 heads, head_dim=128
  baseline (no ablation) ...
  layer        Δ     drop    s_gps   s_norm   s_ctrl  bar
   base   +4.361   +0.000   10.295    5.934    1.394  
      0   +3.406   -0.955    9.450    6.044    1.635  ███████
      1   +4.267   -0.094   10.162    5.895    1.415  
      2   +4.321   -0.040   10.323    6.002    1.359  
      3   +4.225   -0.136   10.267    6.043    1.486  █
      4   +4.330   -0.031   10.270    5.940    1.272  
      5   +4.331   -0.030   10.198    5.868    1.358  
      6   +4.400   +0.039   10.291    5.891    1.388  
      7   +4.338   -0.023   10.332    5.995    1.305  
      8   +4.347   -0.014   10.225    5.878    1.430  
      9   +4.282   -0.079   10.180    5.898    1.292  
     10   +4.251   -0.110   10.257    6.006    1.264  
     11   +4.359   -0.002   10.172    5.812    1.322  
     12   +4.319   -0.042   10.307    5.988    1.307  
     13   +4.364   +0.003   10.319    5.955    1.339  
     14   +4.331   -0.029   10.287    5.956    1.324  
     15   +4.321   -0.040   10.294    5.973    1.387  
     16   +4.293   -0.068   10.242    5.949    1.393  
     17   +4.320   -0.041   10.144    5.824    1.321  
     18   +4.256   -0.104   10.228    5.972    1.376  
     19   +4.345   -0.016   10.305    5.960    1.396  
     20   +4.377   +0.016   10.287    5.910    1.396  
     21   +4.351   -0.010   10.275    5.924    1.394  
     22   +4.243   -0.117   10.264    6.021    1.401  
     23   +4.332   -0.029   10.252    5.920    1.429  
     24   +4.286   -0.075   10.255    5.970    1.402  
     25   +4.348   -0.013   10.308    5.960    1.379  
     26   +4.315   -0.045   10.241    5.926    1.381  
     27   +4.446   +0.086   10.302    5.856    1.357  
     28   +4.269   -0.092   10.255    5.986    1.381  
     29   +4.336   -0.024   10.370    6.033    1.385  
     30   +4.247   -0.114   10.242    5.994    1.378  
     31   +4.191   -0.169   10.135    5.943    1.366  █
     32   +4.364   +0.003   10.428    6.064    1.416  
     33   +4.325   -0.035   10.365    6.039    1.417  
     34   +4.385   +0.025   10.146    5.760    1.426  
     35   +4.438   +0.077   10.326    5.888    1.430  
     36   +4.298   -0.063   10.192    5.894    1.443  
     37   +4.252   -0.109   10.252    6.000    1.351  
     38   +4.237   -0.124   10.124    5.887    1.408  
     39   +4.285   -0.076   10.323    6.038    1.384  
     40   +4.282   -0.079   10.162    5.880    1.450  
     41   +4.445   +0.084   10.287    5.843    1.469  
     42   +4.339   -0.021   10.321    5.981    1.366  
     43   +4.280   -0.081   10.194    5.915    1.382  
     44   +4.299   -0.061   10.236    5.937    1.463  
     45   +4.372   +0.011   10.339    5.967    1.364  
     46   +4.257   -0.104   10.193    5.936    1.390  
     47   +4.306   -0.054   10.296    5.989    1.470  
     48   +4.398   +0.037   10.325    5.928    1.380  
     49   +4.254   -0.107   10.182    5.928    1.358  
     50   +4.299   -0.062   10.210    5.912    1.371  
     51   +4.207   -0.154   10.198    5.990    1.378  █
     52   +4.428   +0.067   10.334    5.906    1.395  
     53   +4.396   +0.035   10.341    5.945    1.459  
     54   +4.128   -0.233   10.305    6.178    1.415  █
     55   +4.327   -0.033   10.345    6.018    1.438  
     56   +4.397   +0.036   10.397    6.000    1.395  
     57   +4.357   -0.004   10.258    5.901    1.369  
     58   +4.325   -0.036   10.258    5.933    1.386  
     59   +4.334   -0.026   10.222    5.888    1.409  
     60   +4.471   +0.110   10.397    5.926    1.346  
     61   +4.365   +0.004   10.349    5.984    1.522  

  Top 5 layer by |effect_drop|, per-template drop:
    layer   overall       RR       NV     NP_S     NP_Z    COORD
    ------------------------------------------------------------
     base    +0.000   +0.000   +0.000   +0.000   +0.000   +0.000      (baseline per-template: RR=+2.55, NV=+6.17, NP_S=+2.15, NP_Z=+6.95, COORD=+5.40)
        0    -0.955   -0.088   -1.762   -0.368   -1.612   -1.801
       54    -0.233   -0.207   -0.070   -0.116   -0.337   -0.661
       31    -0.169   -0.163   -0.044   -0.108   -0.363   -0.175
       51    -0.154   -0.051   -0.149   -0.155   -0.455   +0.134
        3    -0.136   +0.121   -0.270   -0.184   -0.255   -0.307

Saved → /app/gemma3_27b/logs/02_layer_sweep.json

Elapsed: 693.1s
