=== 03_head_sweep_L54 ===
device = cuda
model  = google/gemma-3-27b-pt (dtype=bfloat16)

  loading google/gemma-3-27b-pt (dtype=bfloat16) ...
  loaded in 12.9s
  layer 54: ablating each of 32 heads individually
  baseline (no ablation) ...
  layer        Δ     drop    s_gps   s_norm   s_ctrl  bar
   base   +4.361   +0.000   10.295    5.934    1.394  
      0   +4.370   +0.009   10.294    5.924    1.417  
      1   +4.351   -0.010   10.283    5.932    1.394  
      2   +4.350   -0.011   10.269    5.920    1.375  
      3   +4.395   +0.034   10.275    5.880    1.388  
      4   +4.344   -0.017   10.277    5.933    1.412  
      5   +4.350   -0.011   10.277    5.928    1.394  
      6   +4.326   -0.035   10.288    5.963    1.371  
      7   +4.385   +0.024   10.304    5.919    1.374  
      8   +4.333   -0.028   10.283    5.951    1.369  
      9   +4.388   +0.027   10.363    5.975    1.381  
     10   +4.293   -0.068   10.192    5.899    1.370  
     11   +4.388   +0.027   10.346    5.958    1.379  
     12   +4.342   -0.019   10.304    5.962    1.400  
     13   +4.347   -0.013   10.275    5.928    1.387  
     14   +4.364   +0.004   10.310    5.946    1.366  
     15   +4.340   -0.021   10.273    5.933    1.393  
     16   +4.338   -0.023   10.248    5.910    1.385  
     17   +4.362   +0.001   10.294    5.932    1.367  
     18   +4.361   -0.000   10.282    5.922    1.377  
     19   +4.348   -0.013   10.271    5.923    1.386  
     20   +4.349   -0.012   10.280    5.932    1.388  
     21   +4.360   -0.001   10.289    5.929    1.383  
     22   +4.353   -0.007   10.262    5.908    1.416  
     23   +4.349   -0.012   10.337    5.988    1.358  
     24   +4.353   -0.007   10.280    5.926    1.411  
     25   +4.362   +0.001   10.293    5.932    1.363  
     26   +4.257   -0.104   10.257    6.001    1.383  
     27   +4.296   -0.065   10.227    5.931    1.398  
     28   +4.333   -0.028   10.273    5.940    1.386  
     29   +4.350   -0.011   10.307    5.957    1.369  
     30   +4.365   +0.005   10.306    5.940    1.396  
     31   +4.324   -0.037   10.252    5.928    1.399  

  Top 5 head by |effect_drop|, per-template drop:
     head   overall       RR       NV     NP_S     NP_Z    COORD
    ------------------------------------------------------------
     base    +0.000   +0.000   +0.000   +0.000   +0.000   +0.000      (baseline per-template: RR=+2.55, NV=+6.17, NP_S=+2.15, NP_Z=+6.95, COORD=+5.40)
       26    -0.104   -0.105   -0.038   +0.096   -0.091   -0.661
       10    -0.068   -0.038   -0.083   -0.069   -0.110   -0.045
       27    -0.065   -0.035   -0.009   -0.087   -0.186   +0.022
       31    -0.037   -0.030   -0.108   +0.008   -0.035   -0.011
        6    -0.035   -0.121   +0.008   -0.009   +0.007   -0.000

Saved → /app/gemma3_27b/logs/03_head_sweep_L54.json

Elapsed: 349.8s
