=== 03_head_sweep_L0 ===
device = cuda
model  = google/gemma-3-27b-pt (dtype=bfloat16)

  loading google/gemma-3-27b-pt (dtype=bfloat16) ...
  loaded in 13.0s
  layer 0: ablating each of 32 heads individually
  baseline (no ablation) ...
  layer        Δ     drop    s_gps   s_norm   s_ctrl  bar
   base   +4.361   +0.000   10.295    5.934    1.394  
      0   +4.359   -0.002   10.296    5.937    1.380  
      1   +4.352   -0.009   10.277    5.925    1.387  
      2   +4.346   -0.014   10.277    5.931    1.399  
      3   +4.357   -0.004   10.287    5.929    1.382  
      4   +4.354   -0.006   10.273    5.918    1.396  
      5   +4.348   -0.013   10.271    5.923    1.407  
      6   +4.345   -0.015   10.279    5.933    1.404  
      7   +4.355   -0.005   10.279    5.924    1.386  
      8   +4.346   -0.015   10.286    5.940    1.379  
      9   +4.359   -0.002   10.289    5.931    1.395  
     10   +4.347   -0.014   10.277    5.931    1.387  
     11   +4.345   -0.016   10.279    5.934    1.378  
     12   +4.346   -0.015   10.271    5.925    1.378  
     13   +4.357   -0.004   10.288    5.931    1.408  
     14   +4.361   +0.000   10.279    5.918    1.386  
     15   +4.345   -0.016   10.278    5.933    1.391  
     16   +4.334   -0.026   10.268    5.934    1.394  
     17   +4.339   -0.022   10.269    5.930    1.372  
     18   +4.337   -0.024   10.285    5.948    1.386  
     19   +4.358   -0.003   10.291    5.933    1.389  
     20   +4.361   -0.000   10.286    5.925    1.387  
     21   +4.339   -0.022   10.273    5.934    1.386  
     22   +4.350   -0.011   10.284    5.934    1.392  
     23   +4.338   -0.023   10.276    5.938    1.380  
     24   +4.358   -0.003   10.296    5.938    1.404  
     25   +4.354   -0.007   10.271    5.917    1.385  
     26   +4.342   -0.019   10.284    5.942    1.381  
     27   +4.332   -0.029   10.269    5.937    1.378  
     28   +4.314   -0.047   10.265    5.951    1.408  
     29   +4.351   -0.009   10.280    5.929    1.390  
     30   +4.333   -0.028   10.270    5.938    1.372  
     31   +4.343   -0.018   10.279    5.936    1.392  

  Top 5 head by |effect_drop|, per-template drop:
     head   overall       RR       NV     NP_S     NP_Z    COORD
    ------------------------------------------------------------
     base    +0.000   +0.000   +0.000   +0.000   +0.000   +0.000      (baseline per-template: RR=+2.55, NV=+6.17, NP_S=+2.15, NP_Z=+6.95, COORD=+5.40)
       28    -0.047   -0.071   -0.055   -0.049   -0.003   -0.038
       27    -0.029   -0.052   -0.036   -0.011   -0.001   -0.040
       30    -0.028   -0.055   -0.052   -0.008   +0.017   -0.034
       16    -0.026   -0.035   -0.055   -0.055   +0.039   -0.017
       18    -0.024   -0.044   -0.008   -0.018   -0.009   -0.035

Saved → /app/gemma3_27b/logs/03_head_sweep_L0.json

Elapsed: 357.7s
