=== 03_head_sweep_L31 ===
device = cuda
model  = google/gemma-3-27b-pt (dtype=bfloat16)

  loading google/gemma-3-27b-pt (dtype=bfloat16) ...
  loaded in 15.0s
  layer 31: ablating each of 32 heads individually
  baseline (no ablation) ...
  layer        Δ     drop    s_gps   s_norm   s_ctrl  bar
   base   +4.361   +0.000   10.295    5.934    1.394  
      0   +4.355   -0.006   10.282    5.927    1.382  
      1   +4.352   -0.009   10.275    5.923    1.383  
      2   +4.353   -0.008   10.304    5.951    1.392  
      3   +4.348   -0.013   10.273    5.926    1.387  
      4   +4.346   -0.015   10.284    5.938    1.392  
      5   +4.350   -0.010   10.280    5.930    1.392  
      6   +4.346   -0.014   10.291    5.945    1.412  
      7   +4.357   -0.004   10.292    5.935    1.370  
      8   +4.358   -0.003   10.295    5.938    1.420  
      9   +4.245   -0.116   10.181    5.936    1.375  
     10   +4.342   -0.019   10.280    5.938    1.408  
     11   +4.294   -0.067   10.234    5.940    1.360  
     12   +4.356   -0.005   10.318    5.962    1.391  
     13   +4.348   -0.013   10.251    5.904    1.402  
     14   +4.347   -0.014   10.302    5.955    1.386  
     15   +4.354   -0.007   10.291    5.937    1.394  
     16   +4.370   +0.009   10.310    5.941    1.389  
     17   +4.351   -0.010   10.266    5.915    1.385  
     18   +4.324   -0.037   10.275    5.951    1.367  
     19   +4.371   +0.011   10.292    5.921    1.395  
     20   +4.342   -0.019   10.283    5.941    1.394  
     21   +4.360   -0.000   10.269    5.909    1.401  
     22   +4.343   -0.017   10.267    5.924    1.398  
     23   +4.338   -0.023   10.281    5.943    1.370  
     24   +4.383   +0.023   10.320    5.937    1.365  
     25   +4.343   -0.018   10.282    5.939    1.387  
     26   +4.365   +0.004   10.281    5.916    1.381  
     27   +4.372   +0.012   10.276    5.904    1.393  
     28   +4.335   -0.026   10.258    5.923    1.364  
     29   +4.325   -0.036   10.273    5.947    1.395  
     30   +4.356   -0.004   10.288    5.931    1.383  
     31   +4.339   -0.022   10.274    5.935    1.387  

  Top 5 head by |effect_drop|, per-template drop:
     head   overall       RR       NV     NP_S     NP_Z    COORD
    ------------------------------------------------------------
     base    +0.000   +0.000   +0.000   +0.000   +0.000   +0.000      (baseline per-template: RR=+2.55, NV=+6.17, NP_S=+2.15, NP_Z=+6.95, COORD=+5.40)
        9    -0.116   -0.104   -0.027   -0.119   -0.284   +0.011
       11    -0.067   -0.093   -0.060   -0.004   -0.046   -0.173
       18    -0.037   -0.064   +0.017   -0.001   -0.063   -0.079
       29    -0.036   -0.082   -0.041   -0.002   -0.024   +0.024
       28    -0.026   -0.040   -0.029   -0.041   +0.020   -0.038

Saved → /app/gemma3_27b/logs/03_head_sweep_L31.json

Elapsed: 362.8s
