=== 04_predict ===
device = cuda
model  = google/gemma-3-27b-pt (dtype=bfloat16)

  loading google/gemma-3-27b-pt (dtype=bfloat16) ...
  loaded in 13.0s
  computing baseline ...
  baseline        vc_gps= 5.826            vc_norm= 4.350            Δ=+1.477            ctrl= 1.394          
  L31.H9          vc_gps= 5.904  (+0.078)  vc_norm= 4.396  (+0.047)  Δ=+1.508  (+0.031)  ctrl= 1.375  (-0.019)
  L54.H26         vc_gps= 5.853  (+0.026)  vc_norm= 4.365  (+0.016)  Δ=+1.487  (+0.010)  ctrl= 1.383  (-0.011)
  L54.H10         vc_gps= 5.826  (-0.000)  vc_norm= 4.360  (+0.011)  Δ=+1.466  (-0.011)  ctrl= 1.370  (-0.023)
  L31.H11         vc_gps= 5.817  (-0.009)  vc_norm= 4.400  (+0.051)  Δ=+1.417  (-0.060)  ctrl= 1.360  (-0.034)
  L31.H9+L54.H26+L54.H10+L31.H11  vc_gps= 5.904  (+0.077)  vc_norm= 4.394  (+0.044)  Δ=+1.509  (+0.033)  ctrl= 1.351  (-0.042)

  Per-pair s_vc_gps (higher = model less able to predict verb-object):
     id  vc                  baseline            L31.H9           L54.H26           L54.H10           L31.H11  L31.H9+L54.H26+L54.H10+L31.H11
    -----------------------------------------------------------------------------------------------------------------------------------------
     16  boat                   5.968             6.018             5.929             5.872             5.909             5.969
     17  ship                   3.524             3.617             3.454             3.513             3.487             3.485
     18  gate                   4.018             4.193             4.121             3.975             4.089             4.213
     19  savings                4.165             4.291             4.191             4.283             4.183             4.259
     20  children               5.421             5.406             5.477             5.436             5.318             5.353
     21  storm                  6.875             6.838             6.829             6.895             6.932             6.979
     22  kids                   2.677             2.805             2.819             2.742             2.612             2.815
     23  trails                15.703            15.778            15.649            15.723            15.714            15.811
     24  seas                   4.877             4.921             4.936             4.817             4.807             4.912
     25  survival               5.037             5.175             5.120             5.007             5.122             5.239

Saved → /app/gemma3_27b/logs/04_predict.json

Elapsed: 16.8s
