=== 05_predict_layer_sweep ===
device = cuda
model  = google/gemma-3-27b-pt (dtype=bfloat16)

  loading google/gemma-3-27b-pt (dtype=bfloat16) ...
  loaded in 12.9s
  architecture: 62 layers, 32 heads, head_dim=128
  baseline (no ablation) ...
   lyr   vc_gps     +gps  vc_norm    +norm     Δ_vc       +Δ     ctrl    +ctrl  bar
  base    5.826   +0.000    4.350   +0.000   +1.477   +0.000    1.394   +0.000  
     0    6.260   +0.433    4.454   +0.104   +1.806   +0.329    1.635   +0.241  ██████
     1    5.799   -0.028    4.325   -0.025   +1.474   -0.003    1.415   +0.021  
     2    5.959   +0.133    4.247   -0.103   +1.713   +0.236    1.359   -0.034  ██
     3    6.082   +0.256    4.106   -0.244   +1.976   +0.500    1.486   +0.093  ████
     4    6.332   +0.505    4.266   -0.084   +2.066   +0.590    1.272   -0.122  ████████
     5    5.996   +0.170    4.248   -0.102   +1.749   +0.272    1.358   -0.036  ██
     6    6.470   +0.643    4.331   -0.019   +2.139   +0.662    1.388   -0.005  ██████████
     7    5.659   -0.168    4.480   +0.130   +1.179   -0.298    1.305   -0.089  
     8    5.953   +0.127    4.356   +0.006   +1.597   +0.121    1.430   +0.036  ██
     9    6.148   +0.322    4.262   -0.088   +1.887   +0.410    1.292   -0.102  █████
    10    5.937   +0.111    4.320   -0.029   +1.617   +0.140    1.264   -0.130  █
    11    5.789   -0.038    4.257   -0.092   +1.531   +0.055    1.322   -0.072  
    12    6.005   +0.179    4.305   -0.045   +1.700   +0.224    1.307   -0.087  ██
    13    5.972   +0.145    4.352   +0.002   +1.620   +0.143    1.339   -0.055  ██
    14    5.903   +0.076    4.343   -0.007   +1.560   +0.083    1.324   -0.070  █
    15    5.970   +0.143    4.344   -0.006   +1.626   +0.149    1.387   -0.007  ██
    16    5.923   +0.096    4.437   +0.087   +1.486   +0.009    1.393   -0.001  █
    17    5.701   -0.126    4.336   -0.014   +1.365   -0.111    1.321   -0.073  
    18    5.972   +0.146    4.396   +0.046   +1.577   +0.100    1.376   -0.018  ██
    19    5.796   -0.031    4.300   -0.050   +1.496   +0.019    1.396   +0.002  
    20    5.908   +0.082    4.399   +0.050   +1.509   +0.032    1.396   +0.002  █
    21    5.804   -0.022    4.411   +0.061   +1.393   -0.083    1.394   +0.000  
    22    5.848   +0.021    4.378   +0.028   +1.470   -0.006    1.401   +0.007  
    23    5.902   +0.075    4.363   +0.013   +1.539   +0.062    1.429   +0.036  █
    24    5.984   +0.158    4.351   +0.001   +1.633   +0.157    1.402   +0.008  ██
    25    5.789   -0.037    4.372   +0.022   +1.418   -0.059    1.379   -0.014  
    26    5.796   -0.031    4.352   +0.002   +1.444   -0.033    1.381   -0.013  
    27    5.710   -0.116    4.388   +0.039   +1.322   -0.155    1.357   -0.037  
    28    5.789   -0.037    4.392   +0.042   +1.397   -0.079    1.381   -0.013  
    29    5.913   +0.087    4.424   +0.074   +1.490   +0.013    1.385   -0.009  █
    30    5.747   -0.079    4.468   +0.118   +1.279   -0.197    1.378   -0.015  
    31    5.807   -0.020    4.398   +0.048   +1.409   -0.068    1.366   -0.028  
    32    5.870   +0.043    4.450   +0.100   +1.420   -0.057    1.416   +0.023  
    33    5.845   +0.018    4.451   +0.101   +1.394   -0.083    1.417   +0.024  
    34    5.771   -0.055    4.403   +0.053   +1.369   -0.108    1.426   +0.033  
    35    5.718   -0.108    4.431   +0.081   +1.287   -0.190    1.430   +0.036  
    36    5.850   +0.024    4.346   -0.004   +1.504   +0.028    1.443   +0.049  
    37    5.954   +0.128    4.429   +0.079   +1.525   +0.049    1.351   -0.043  ██
    38    5.742   -0.085    4.384   +0.034   +1.357   -0.119    1.408   +0.014  
    39    5.977   +0.151    4.385   +0.035   +1.592   +0.116    1.384   -0.010  ██
    40    5.942   +0.116    4.324   -0.026   +1.619   +0.142    1.450   +0.056  █
    41    5.899   +0.073    4.302   -0.048   +1.597   +0.120    1.469   +0.076  █
    42    5.790   -0.037    4.355   +0.005   +1.434   -0.042    1.366   -0.028  
    43    5.885   +0.059    4.377   +0.027   +1.509   +0.032    1.382   -0.012  
    44    5.885   +0.059    4.430   +0.080   +1.455   -0.021    1.463   +0.069  
    45    5.900   +0.074    4.388   +0.039   +1.512   +0.035    1.364   -0.029  █
    46    5.799   -0.027    4.449   +0.099   +1.350   -0.126    1.390   -0.004  
    47    5.865   +0.039    4.421   +0.071   +1.445   -0.032    1.470   +0.076  
    48    5.780   -0.047    4.340   -0.010   +1.440   -0.037    1.380   -0.014  
    49    5.800   -0.026    4.348   -0.002   +1.452   -0.025    1.358   -0.035  
    50    5.841   +0.014    4.343   -0.007   +1.498   +0.021    1.371   -0.022  
    51    5.771   -0.056    4.341   -0.008   +1.429   -0.048    1.378   -0.016  
    52    5.810   -0.016    4.386   +0.037   +1.424   -0.053    1.395   +0.002  
    53    5.694   -0.133    4.375   +0.026   +1.318   -0.158    1.459   +0.065  
    54    5.979   +0.152    4.418   +0.068   +1.561   +0.084    1.415   +0.022  ██
    55    5.848   +0.022    4.398   +0.048   +1.451   -0.026    1.438   +0.044  
    56    5.878   +0.052    4.318   -0.031   +1.560   +0.083    1.395   +0.002  
    57    5.831   +0.005    4.348   -0.002   +1.483   +0.007    1.369   -0.025  
    58    5.816   -0.010    4.374   +0.024   +1.443   -0.034    1.386   -0.008  
    59    5.842   +0.015    4.351   +0.002   +1.490   +0.014    1.409   +0.015  
    60    5.732   -0.095    4.350   +0.000   +1.382   -0.095    1.346   -0.048  
    61    5.880   +0.054    4.418   +0.068   +1.462   -0.015    1.522   +0.129  

  Top 10 layer by vc_gps_inflation (selectivity = vc_gps - ctrl):
    layer   +vc_gps   +vc_delta     +ctrl   selectivity
    ----------------------------------------------------
        6    +0.643      +0.662    -0.005        +0.649
        4    +0.505      +0.590    -0.122        +0.627
        0    +0.433      +0.329    +0.241        +0.192
        9    +0.322      +0.410    -0.102        +0.424
        3    +0.256      +0.500    +0.093        +0.163
       12    +0.179      +0.224    -0.087        +0.266
        5    +0.170      +0.272    -0.036        +0.205
       24    +0.158      +0.157    +0.008        +0.150
       54    +0.152      +0.084    +0.022        +0.131
       39    +0.151      +0.116    -0.010        +0.160

Saved → /app/gemma3_27b/logs/05_predict_layer_sweep.json

Elapsed: 174.4s
