=== 06_predict_head_sweep_L4 ===
device = cuda
model  = google/gemma-3-27b-pt (dtype=bfloat16)

  loading google/gemma-3-27b-pt (dtype=bfloat16) ...
  loaded in 21.8s
  layer 4: ablating each of 32 heads individually
  baseline (no ablation) ...
   lyr   vc_gps     +gps  vc_norm    +norm     Δ_vc       +Δ     ctrl    +ctrl  bar
  base    5.826   +0.000    4.350   +0.000   +1.477   +0.000    1.394   +0.000  
     0    5.818   -0.008    4.351   +0.001   +1.468   -0.009    1.388   -0.006  
     1    5.769   -0.057    4.408   +0.058   +1.361   -0.115    1.399   +0.005  
     2    5.839   +0.013    4.395   +0.045   +1.445   -0.032    1.396   +0.002  
     3    5.802   -0.025    4.370   +0.020   +1.432   -0.045    1.399   +0.005  
     4    5.846   +0.020    4.368   +0.019   +1.478   +0.001    1.401   +0.007  
     5    5.873   +0.047    4.377   +0.027   +1.497   +0.020    1.410   +0.016  
     6    5.853   +0.027    4.357   +0.007   +1.496   +0.019    1.399   +0.005  
     7    5.821   -0.006    4.331   -0.019   +1.490   +0.013    1.375   -0.019  
     8    5.802   -0.024    4.360   +0.011   +1.442   -0.035    1.388   -0.005  
     9    5.811   -0.016    4.350   +0.000   +1.461   -0.016    1.390   -0.004  
    10    5.890   +0.064    4.386   +0.036   +1.504   +0.027    1.391   -0.002  █
    11    5.935   +0.108    4.345   -0.005   +1.590   +0.114    1.392   -0.002  █
    12    5.846   +0.019    4.373   +0.023   +1.473   -0.004    1.408   +0.014  
    13    5.825   -0.002    4.358   +0.008   +1.467   -0.010    1.388   -0.006  
    14    5.811   -0.016    4.358   +0.009   +1.453   -0.024    1.385   -0.008  
    15    5.778   -0.048    4.374   +0.024   +1.404   -0.073    1.384   -0.010  
    16    5.799   -0.027    4.381   +0.031   +1.419   -0.058    1.389   -0.005  
    17    5.800   -0.027    4.353   +0.003   +1.447   -0.030    1.409   +0.015  
    18    5.802   -0.025    4.350   +0.000   +1.452   -0.025    1.404   +0.010  
    19    5.811   -0.015    4.364   +0.014   +1.448   -0.029    1.399   +0.005  
    20    5.820   -0.007    4.375   +0.025   +1.445   -0.031    1.393   -0.001  
    21    5.793   -0.033    4.362   +0.012   +1.431   -0.045    1.393   -0.001  
    22    5.854   +0.028    4.403   +0.054   +1.451   -0.026    1.374   -0.020  
    23    5.821   -0.006    4.375   +0.025   +1.446   -0.031    1.387   -0.006  
    24    5.815   -0.011    4.375   +0.026   +1.440   -0.037    1.380   -0.014  
    25    5.810   -0.016    4.368   +0.019   +1.442   -0.035    1.390   -0.004  
    26    5.804   -0.023    4.360   +0.010   +1.443   -0.033    1.357   -0.037  
    27    5.840   +0.014    4.380   +0.030   +1.460   -0.016    1.401   +0.007  
    28    5.802   -0.024    4.383   +0.033   +1.420   -0.057    1.389   -0.004  
    29    5.829   +0.003    4.366   +0.016   +1.463   -0.013    1.401   +0.008  
    30    5.813   -0.014    4.371   +0.021   +1.442   -0.034    1.403   +0.009  
    31    5.788   -0.039    4.358   +0.008   +1.430   -0.047    1.405   +0.012  

  Top 10 head by vc_gps_inflation (selectivity = vc_gps - ctrl):
     head   +vc_gps   +vc_delta     +ctrl   selectivity
    ----------------------------------------------------
       11    +0.108      +0.114    -0.002        +0.110
       10    +0.064      +0.027    -0.002        +0.066
        5    +0.047      +0.020    +0.016        +0.030
       22    +0.028      -0.026    -0.020        +0.047
        6    +0.027      +0.019    +0.005        +0.022
        4    +0.020      +0.001    +0.007        +0.013
       12    +0.019      -0.004    +0.014        +0.005
       27    +0.014      -0.016    +0.007        +0.007
        2    +0.013      -0.032    +0.002        +0.011
       29    +0.003      -0.013    +0.008        -0.005

Saved → /app/gemma3_27b/logs/06_predict_head_sweep_L4.json

Elapsed: 91.9s
