=== 06_predict_head_sweep_L6 ===
device = cuda
model  = google/gemma-3-27b-pt (dtype=bfloat16)

  loading google/gemma-3-27b-pt (dtype=bfloat16) ...
  loaded in 39.5s
  layer 6: ablating each of 32 heads individually
  baseline (no ablation) ...
   lyr   vc_gps     +gps  vc_norm    +norm     Δ_vc       +Δ     ctrl    +ctrl  bar
  base    5.826   +0.000    4.350   +0.000   +1.477   +0.000    1.394   +0.000  
     0    5.812   -0.015    4.368   +0.018   +1.444   -0.033    1.378   -0.016  
     1    5.820   -0.007    4.348   -0.002   +1.472   -0.005    1.389   -0.005  
     2    5.787   -0.039    4.371   +0.022   +1.416   -0.061    1.391   -0.003  
     3    5.817   -0.010    4.359   +0.009   +1.458   -0.018    1.400   +0.006  
     4    5.807   -0.020    4.363   +0.013   +1.444   -0.033    1.381   -0.013  
     5    5.796   -0.031    4.371   +0.021   +1.425   -0.052    1.390   -0.004  
     6    5.811   -0.016    4.373   +0.023   +1.438   -0.039    1.396   +0.002  
     7    5.798   -0.029    4.371   +0.021   +1.427   -0.050    1.399   +0.005  
     8    5.835   +0.008    4.374   +0.024   +1.461   -0.016    1.377   -0.016  
     9    5.812   -0.015    4.350   +0.001   +1.461   -0.015    1.389   -0.005  
    10    5.826   -0.001    4.362   +0.012   +1.464   -0.013    1.377   -0.017  
    11    5.781   -0.046    4.374   +0.025   +1.406   -0.070    1.381   -0.012  
    12    5.797   -0.030    4.380   +0.030   +1.417   -0.060    1.389   -0.005  
    13    5.825   -0.001    4.351   +0.001   +1.475   -0.002    1.375   -0.018  
    14    5.810   -0.016    4.349   -0.001   +1.461   -0.015    1.391   -0.003  
    15    5.982   +0.155    4.367   +0.018   +1.614   +0.138    1.380   -0.014  ██
    16    5.791   -0.036    4.349   -0.001   +1.442   -0.035    1.392   -0.002  
    17    5.826   -0.000    4.372   +0.022   +1.454   -0.023    1.408   +0.014  
    18    5.813   -0.013    4.361   +0.011   +1.452   -0.025    1.405   +0.011  
    19    5.818   -0.008    4.354   +0.004   +1.465   -0.012    1.370   -0.024  
    20    5.810   -0.017    4.364   +0.014   +1.446   -0.031    1.379   -0.015  
    21    5.791   -0.035    4.336   -0.014   +1.455   -0.022    1.394   +0.000  
    22    5.820   -0.006    4.364   +0.014   +1.456   -0.020    1.400   +0.006  
    23    5.963   +0.137    4.361   +0.012   +1.602   +0.125    1.399   +0.005  ██
    24    5.829   +0.002    4.375   +0.025   +1.454   -0.023    1.398   +0.004  
    25    5.817   -0.009    4.371   +0.021   +1.446   -0.030    1.385   -0.009  
    26    5.813   -0.013    4.368   +0.019   +1.445   -0.032    1.407   +0.013  
    27    5.826   -0.000    4.394   +0.044   +1.432   -0.044    1.403   +0.009  
    28    5.834   +0.007    4.354   +0.005   +1.479   +0.002    1.400   +0.006  
    29    5.801   -0.025    4.381   +0.032   +1.420   -0.057    1.388   -0.006  
    30    5.805   -0.021    4.372   +0.022   +1.433   -0.043    1.396   +0.002  
    31    5.774   -0.052    4.352   +0.003   +1.422   -0.055    1.378   -0.016  

  Top 10 head by vc_gps_inflation (selectivity = vc_gps - ctrl):
     head   +vc_gps   +vc_delta     +ctrl   selectivity
    ----------------------------------------------------
       15    +0.155      +0.138    -0.014        +0.170
       23    +0.137      +0.125    +0.005        +0.132
        8    +0.008      -0.016    -0.016        +0.025
       28    +0.007      +0.002    +0.006        +0.001
       24    +0.002      -0.023    +0.004        -0.002
       27    -0.000      -0.044    +0.009        -0.009
       17    -0.000      -0.023    +0.014        -0.014
       10    -0.001      -0.013    -0.017        +0.016
       13    -0.001      -0.002    -0.018        +0.017
       22    -0.006      -0.020    +0.006        -0.013

Saved → /app/gemma3_27b/logs/06_predict_head_sweep_L6.json

Elapsed: 96.9s
