=== 13_null_distribution ===
device = cuda
model  = google/gemma-3-27b-pt (dtype=bfloat16)

  loading google/gemma-3-27b-pt (dtype=bfloat16) ...
  loaded in 12.9s
  baselines (no ablation, NV pairs) ...
  sampling 60 random heads ...
        head   nv_drop   +vc_gps     +ctrl    select
    ------------------------------------------------
    L46.H18     -0.023    -0.027    +0.004    -0.031
    L 3.H29     -0.018    +0.003    -0.001    +0.004
    L16.H31     -0.015    +0.003    -0.007    +0.011
    L22.H15     -0.010    -0.018    -0.011    -0.007
    L43.H1      +0.007    -0.028    +0.004    -0.032
    L48.H0      -0.020    -0.026    +0.002    -0.028
    L50.H31     +0.010    -0.028    -0.006    -0.022
    L26.H3      -0.015    -0.008    -0.016    +0.009
    L27.H2      -0.062    -0.027    -0.003    -0.025
    L30.H13     -0.012    +0.002    -0.005    +0.007
    L59.H24     -0.029    -0.018    -0.000    -0.017
    L52.H19     -0.042    -0.006    -0.015    +0.009
    L12.H5      -0.031    +0.003    -0.007    +0.010
    L24.H17     -0.010    +0.028    -0.008    +0.036
    L59.H0      -0.014    -0.003    +0.000    -0.004
    L44.H17     -0.012    -0.022    -0.012    -0.010
    L 5.H11     +0.005    -0.040    +0.002    -0.041
    L 4.H5      +0.041    +0.047    +0.016    +0.030
    L33.H29     +0.052    -0.030    -0.005    -0.025
    L31.H4      -0.020    -0.020    -0.002    -0.019
    L39.H13     -0.090    -0.049    -0.002    -0.047
    L46.H2      -0.041    +0.011    -0.010    +0.020
    L47.H20     -0.028    -0.012    -0.012    -0.000
    L51.H25     +0.011    +0.004    -0.016    +0.020
    L42.H3      -0.035    -0.035    -0.033    -0.002
    L10.H4      -0.024    +0.003    +0.011    -0.008
    L 5.H20     +0.021    -0.010    -0.024    +0.014
    L33.H9      -0.044    +0.000    -0.006    +0.006
    L61.H13     -0.123    -0.013    +0.017    -0.030
    L46.H3      +0.039    +0.001    -0.013    +0.014
    L39.H7      +0.023    -0.033    -0.007    -0.027
    L54.H11     +0.086    -0.002    -0.015    +0.012
    L31.H26     -0.003    +0.021    -0.013    +0.034
    L12.H0      -0.011    +0.029    -0.022    +0.051
    L47.H19     -0.009    +0.009    -0.012    +0.021
    L55.H1      +0.001    -0.015    -0.012    -0.002
    L27.H16     -0.016    -0.005    +0.002    -0.007
    L27.H14     +0.010    -0.019    -0.023    +0.004
    L30.H25     -0.010    -0.021    +0.018    -0.039
    L50.H23     +0.009    +0.008    -0.005    +0.013
    L50.H6      +0.005    -0.018    -0.015    -0.003
    L46.H28     +0.021    -0.015    -0.014    -0.000
    L28.H27     -0.036    -0.008    -0.004    -0.004
    L43.H15     -0.000    +0.000    +0.004    -0.004
    L 9.H17     +0.007    -0.012    -0.001    -0.011
    L13.H28     -0.043    -0.011    +0.007    -0.018
    L 5.H5      -0.008    -0.023    -0.027    +0.003
    L11.H3      -0.027    -0.017    -0.006    -0.011
    L 5.H22     +0.045    -0.062    -0.002    -0.060
    L38.H24     -0.056    -0.011    -0.018    +0.007
    L33.H26     -0.011    +0.014    -0.008    +0.021
    L26.H14     -0.005    -0.014    -0.009    -0.005
    L27.H11     -0.018    -0.029    +0.003    -0.032
    L41.H25     +0.020    -0.006    -0.001    -0.005
    L 7.H24     -0.019    -0.019    -0.014    -0.004
    L56.H13     +0.013    -0.002    +0.008    -0.009
    L42.H11     +0.003    -0.008    -0.039    +0.031
    L22.H17     -0.027    -0.037    -0.009    -0.028
    L21.H25     -0.021    -0.008    -0.019    +0.011
    L 2.H22     +0.018    -0.007    -0.009    +0.002

  Null percentiles:
    nv_effect_drop      p5=-0.056  p50=-0.011  p95=+0.041  |.|p95=0.064  |.|max=0.123
    vc_gps_inflation    p5=-0.037  p50=-0.011  p95=+0.021  |.|p95=0.040  |.|max=0.062
    selectivity         p5=-0.039  p50=-0.004  p95=+0.031  |.|p95=0.042  |.|max=0.060

Saved → /app/gemma3_27b/logs/13_null_distribution.json

Elapsed: 340.5s
